LOG_START=================================
[time=2016-05-11 09:51:48] [192.168.0.175][-][-][level=error][category=yii\base\ErrorException:4] 
message_start
exception 'yii\base\ErrorException' with message 'syntax error, unexpected 'return' (T_RETURN)' in /var/www/diyshop/rebuild/apps/home/controllers/VenderDressMatchController.php:75
Stack trace:
#0 [internal function]: yii\base\ErrorHandler->handleFatalError()
#1 {main}
message_end

file: /var/www/diyshop/rebuild/umeworld/lib/ErrorHandler.php
line: 25
request_url: http://www.diyshop.com/vender-dress-match/show-edit.html

trace_start:
    in /var/www/diyshop/rebuild/umeworld/lib/ErrorHandler.php:25
    in /var/www/diyshop/rebuild/common/lib/ErrorHandler.php:25
trace_end

env_vars_start:
$_COOKIE = [
    '_csrf' => 'f65b08090ddc6b7ee9d93f776738ba70269847b3d2d11bca7073b10baf53e344a:2:{i:0;s:5:\"_csrf\";i:1;s:32:\"JOqSpAe1FwW676G4ELx3wWJQxNq8EChP\";}'
    'venderId' => 'T2aJb2L68_ugsadu_w_e83ce_'
]


$_SERVER = [
	'HTTP_HOST' => 'www.diyshop.com',
	'REQUEST_URI' => '/vender-dress-match/show-edit.html',
	'HTTP_REFERER' => 'http://www.diyshop.com/vender-dress-match/show-list.html',
	'REQUEST_METHOD' => 'GET',
	'HTTP_USER_AGENT' => 'Mozilla/5.0 (Windows NT 6.1; WOW64) AppleWebKit/537.36 (KHTML, like Gecko) Chrome/49.0.2623.87 Safari/537.36',
]
env_vars_end
=================================LOG_END
LOG_START=================================
[time=2016-05-11 10:23:26] [192.168.0.175][-][-][level=error][category=yii\base\ErrorException:1] 
message_start
exception 'yii\base\ErrorException' with message 'Using $this when not in object context' in /var/www/diyshop/rebuild/common/lib/DbOrmModel.php:63
Stack trace:
#0 [internal function]: yii\base\ErrorHandler->handleFatalError()
#1 {main}
message_end

file: /var/www/diyshop/rebuild/umeworld/lib/ErrorHandler.php
line: 25
request_url: http://www.diyshop.com/vender-dress-match/show-edit.html

trace_start:
    in /var/www/diyshop/rebuild/umeworld/lib/ErrorHandler.php:25
    in /var/www/diyshop/rebuild/common/lib/ErrorHandler.php:25
trace_end

env_vars_start:
$_COOKIE = [
    '_csrf' => 'f65b08090ddc6b7ee9d93f776738ba70269847b3d2d11bca7073b10baf53e344a:2:{i:0;s:5:\"_csrf\";i:1;s:32:\"JOqSpAe1FwW676G4ELx3wWJQxNq8EChP\";}'
    'venderId' => 'T2aJb2L68_ugsadu_w_e83ce_'
]


$_SERVER = [
	'HTTP_HOST' => 'www.diyshop.com',
	'REQUEST_URI' => '/vender-dress-match/show-edit.html',
	'HTTP_REFERER' => 'http://www.diyshop.com/vender-dress-match/show-list.html',
	'REQUEST_METHOD' => 'GET',
	'HTTP_USER_AGENT' => 'Mozilla/5.0 (Windows NT 6.1; WOW64) AppleWebKit/537.36 (KHTML, like Gecko) Chrome/49.0.2623.87 Safari/537.36',
]
env_vars_end
=================================LOG_END
LOG_START=================================
[time=2016-05-11 10:24:45] [192.168.0.175][-][-][level=error][category=yii\base\ErrorException:1] 
message_start
exception 'yii\base\ErrorException' with message 'Using $this when not in object context' in /var/www/diyshop/rebuild/common/lib/DbOrmModel.php:66
Stack trace:
#0 [internal function]: yii\base\ErrorHandler->handleFatalError()
#1 {main}
message_end

file: /var/www/diyshop/rebuild/umeworld/lib/ErrorHandler.php
line: 25
request_url: http://www.diyshop.com/vender-dress-match/get-manager-dress-match-list.json

trace_start:
    in /var/www/diyshop/rebuild/umeworld/lib/ErrorHandler.php:25
    in /var/www/diyshop/rebuild/common/lib/ErrorHandler.php:25
trace_end

env_vars_start:
$_POST = [
    'catalogId' => '7'
    'sex' => '1'
    '_csrf' => 'TUphZXQ1T1cHBRA2BHQqZgs9NlNDAwhjCAYZVgNiBQY1BBBdMXYnBw=='
]

$_COOKIE = [
    '_csrf' => 'f65b08090ddc6b7ee9d93f776738ba70269847b3d2d11bca7073b10baf53e344a:2:{i:0;s:5:\"_csrf\";i:1;s:32:\"JOqSpAe1FwW676G4ELx3wWJQxNq8EChP\";}'
    'venderId' => 'T2aJb2L68_ugsadu_w_e83ce_'
]


$_SERVER = [
	'HTTP_HOST' => 'www.diyshop.com',
	'REQUEST_URI' => '/vender-dress-match/get-manager-dress-match-list.json',
	'HTTP_REFERER' => 'http://www.diyshop.com/vender-dress-match/show-edit.html',
	'REQUEST_METHOD' => 'POST',
	'HTTP_USER_AGENT' => 'Mozilla/5.0 (Windows NT 6.1; WOW64) AppleWebKit/537.36 (KHTML, like Gecko) Chrome/49.0.2623.87 Safari/537.36',
]
env_vars_end
=================================LOG_END
LOG_START=================================
[time=2016-05-11 11:03:32] [192.168.0.175][-][-][level=error][category=yii\base\ErrorException:8] 
message_start
exception 'yii\base\ErrorException' with message 'Undefined index: catalog_id' in /var/www/diyshop/rebuild/apps/home/controllers/VenderDressMatchController.php:27
Stack trace:
#0 /var/www/diyshop/rebuild/apps/home/controllers/VenderDressMatchController.php(27): yii\base\ErrorHandler->handleError(8, 'Undefined index...', '/var/www/diysho...', 27, Array)
#1 [internal function]: home\controllers\VenderDressMatchController->actionShowList()
#2 /var/www/diyshop/framework/yiisoft/yii2/base/InlineAction.php(55): call_user_func_array(Array, Array)
#3 /var/www/diyshop/framework/yiisoft/yii2/base/Controller.php(151): yii\base\InlineAction->runWithParams(Array)
#4 /var/www/diyshop/framework/yiisoft/yii2/base/Module.php(455): yii\base\Controller->runAction('show-list', Array)
#5 /var/www/diyshop/framework/yiisoft/yii2/web/Application.php(84): yii\base\Module->runAction('vender-dress-ma...', Array)
#6 /var/www/diyshop/framework/yiisoft/yii2/base/Application.php(375): yii\web\Application->handleRequest(Object(yii\web\Request))
#7 /var/www/diyshop/rebuild/apps/home/web/index.php(4): yii\base\Application->run()
#8 {main}
message_end

file: /var/www/diyshop/rebuild/umeworld/lib/ErrorHandler.php
line: 25
request_url: http://www.diyshop.com/vender-dress-match/show-list.html

trace_start:
    in /var/www/diyshop/rebuild/umeworld/lib/ErrorHandler.php:25
    in /var/www/diyshop/rebuild/common/lib/ErrorHandler.php:25
trace_end

env_vars_start:
$_COOKIE = [
    '_csrf' => 'f65b08090ddc6b7ee9d93f776738ba70269847b3d2d11bca7073b10baf53e344a:2:{i:0;s:5:\"_csrf\";i:1;s:32:\"JOqSpAe1FwW676G4ELx3wWJQxNq8EChP\";}'
    'venderId' => 'T2aJb2L68_ugsadu_w_e83ce_'
]


$_SERVER = [
	'HTTP_HOST' => 'www.diyshop.com',
	'REQUEST_URI' => '/vender-dress-match/show-list.html',
	'HTTP_REFERER' => 'http://www.diyshop.com/vender-dress-match/show-edit.html',
	'REQUEST_METHOD' => 'GET',
	'HTTP_USER_AGENT' => 'Mozilla/5.0 (Windows NT 6.1; WOW64) AppleWebKit/537.36 (KHTML, like Gecko) Chrome/49.0.2623.87 Safari/537.36',
]
env_vars_end
=================================LOG_END
