LOG_START=================================
[time=2016-05-06 14:59:44] [192.168.0.175][-][-][level=error][category=yii\base\ErrorException:1] 
message_start
exception 'yii\base\ErrorException' with message 'Class 'Qiniu\Config' not found' in /var/www/diyshop/rebuild/umeworld/lib/Qiniu/functions.php:8
Stack trace:
#0 [internal function]: yii\base\ErrorHandler->handleFatalError()
#1 {main}
message_end

file: /var/www/diyshop/rebuild/umeworld/lib/ErrorHandler.php
line: 25
request_url: http://www.diyshop.com/vote/show-setting.html

trace_start:
    in /var/www/diyshop/rebuild/umeworld/lib/ErrorHandler.php:25
    in /var/www/diyshop/rebuild/common/lib/ErrorHandler.php:25
trace_end

env_vars_start:
$_COOKIE = [
    '_csrf' => '64e21df127a24916c092aa357e9f456fa31dda45ae2af819da9c2752f6b2da94a:2:{i:0;s:5:\"_csrf\";i:1;s:32:\"SVbkIa5107GOCeJYP7pFKxvhOiE2h1rc\";}'
    'managerId' => 'T2aJb2L68_ugsadu_w_e83ce_'
]


$_SERVER = [
	'HTTP_HOST' => 'www.diyshop.com',
	'REQUEST_URI' => '/vote/show-setting.html',
	'HTTP_REFERER' => 'http://www.diyshop.com/vote/show-list.html',
	'REQUEST_METHOD' => 'GET',
	'HTTP_USER_AGENT' => 'Mozilla/5.0 (Windows NT 6.1; WOW64) AppleWebKit/537.36 (KHTML, like Gecko) Chrome/49.0.2623.87 Safari/537.36',
]
env_vars_end
=================================LOG_END
LOG_START=================================
[time=2016-05-06 15:00:55] [192.168.0.175][-][-][level=error][category=yii\base\ErrorException:1] 
message_start
exception 'yii\base\ErrorException' with message 'Class 'Qiniu\Config' not found' in /var/www/diyshop/rebuild/umeworld/lib/Qiniu/functions.php:8
Stack trace:
#0 [internal function]: yii\base\ErrorHandler->handleFatalError()
#1 {main}
message_end

file: /var/www/diyshop/rebuild/umeworld/lib/ErrorHandler.php
line: 25
request_url: http://www.diyshop.com/vote/show-setting.html

trace_start:
    in /var/www/diyshop/rebuild/umeworld/lib/ErrorHandler.php:25
    in /var/www/diyshop/rebuild/common/lib/ErrorHandler.php:25
trace_end

env_vars_start:
$_COOKIE = [
    '_csrf' => '64e21df127a24916c092aa357e9f456fa31dda45ae2af819da9c2752f6b2da94a:2:{i:0;s:5:\"_csrf\";i:1;s:32:\"SVbkIa5107GOCeJYP7pFKxvhOiE2h1rc\";}'
    'managerId' => 'T2aJb2L68_ugsadu_w_e83ce_'
]


$_SERVER = [
	'HTTP_HOST' => 'www.diyshop.com',
	'REQUEST_URI' => '/vote/show-setting.html',
	'HTTP_REFERER' => 'http://www.diyshop.com/vote/show-list.html',
	'REQUEST_METHOD' => 'GET',
	'HTTP_USER_AGENT' => 'Mozilla/5.0 (Windows NT 6.1; WOW64) AppleWebKit/537.36 (KHTML, like Gecko) Chrome/49.0.2623.87 Safari/537.36',
]
env_vars_end
=================================LOG_END
LOG_START=================================
[time=2016-05-06 15:01:46] [192.168.0.175][-][-][level=error][category=yii\base\ErrorException:8] 
message_start
exception 'yii\base\ErrorException' with message 'Undefined variable: __DIR__' in /var/www/diyshop/rebuild/umeworld/lib/Qiniu/autoload.php:8
Stack trace:
#0 /var/www/diyshop/rebuild/umeworld/lib/Qiniu/autoload.php(8): yii\base\ErrorHandler->handleError(8, 'Undefined varia...', '/var/www/diysho...', 8, Array)
#1 [internal function]: classLoader('Qiniu\Config')
#2 /var/www/diyshop/rebuild/umeworld/lib/Qiniu/functions.php(8): spl_autoload_call('Qiniu\Config')
#3 /var/www/diyshop/rebuild/umeworld/lib/Qiniu/autoload.php(16): require_once('/var/www/diysho...')
#4 /var/www/diyshop/rebuild/umeworld/lib/Qiniu.php(15): require_once('/var/www/diysho...')
#5 /var/www/diyshop/framework/yiisoft/yii2/base/Object.php(107): umeworld\lib\Qiniu->init()
#6 [internal function]: yii\base\Object->__construct(Array)
#7 /var/www/diyshop/framework/yiisoft/yii2/di/Container.php(372): ReflectionClass->newInstanceArgs(Array)
#8 /var/www/diyshop/framework/yiisoft/yii2/di/Container.php(151): yii\di\Container->build('umeworld\lib\Qi...', Array, Array)
#9 /var/www/diyshop/framework/yiisoft/yii2/BaseYii.php(344): yii\di\Container->get('umeworld\lib\Qi...', Array, Array)
#10 /var/www/diyshop/framework/yiisoft/yii2/di/ServiceLocator.php(133): yii\BaseYii::createObject(Array)
#11 /var/www/diyshop/framework/yiisoft/yii2/di/ServiceLocator.php(71): yii\di\ServiceLocator->get('qiniu')
#12 /var/www/diyshop/rebuild/apps/home/controllers/VoteController.php(31): yii\di\ServiceLocator->__get('qiniu')
#13 [internal function]: home\controllers\VoteController->actionShowSetting()
#14 /var/www/diyshop/framework/yiisoft/yii2/base/InlineAction.php(55): call_user_func_array(Array, Array)
#15 /var/www/diyshop/framework/yiisoft/yii2/base/Controller.php(151): yii\base\InlineAction->runWithParams(Array)
#16 /var/www/diyshop/framework/yiisoft/yii2/base/Module.php(455): yii\base\Controller->runAction('show-setting', Array)
#17 /var/www/diyshop/framework/yiisoft/yii2/web/Application.php(84): yii\base\Module->runAction('vote/show-setti...', Array)
#18 /var/www/diyshop/framework/yiisoft/yii2/base/Application.php(375): yii\web\Application->handleRequest(Object(yii\web\Request))
#19 /var/www/diyshop/rebuild/apps/home/web/index.php(4): yii\base\Application->run()
#20 {main}
message_end

file: /var/www/diyshop/rebuild/umeworld/lib/ErrorHandler.php
line: 25
request_url: http://www.diyshop.com/vote/show-setting.html

trace_start:
    in /var/www/diyshop/rebuild/umeworld/lib/ErrorHandler.php:25
    in /var/www/diyshop/rebuild/common/lib/ErrorHandler.php:25
trace_end

env_vars_start:
$_COOKIE = [
    '_csrf' => '64e21df127a24916c092aa357e9f456fa31dda45ae2af819da9c2752f6b2da94a:2:{i:0;s:5:\"_csrf\";i:1;s:32:\"SVbkIa5107GOCeJYP7pFKxvhOiE2h1rc\";}'
    'managerId' => 'T2aJb2L68_ugsadu_w_e83ce_'
]


$_SERVER = [
	'HTTP_HOST' => 'www.diyshop.com',
	'REQUEST_URI' => '/vote/show-setting.html',
	'HTTP_REFERER' => 'http://www.diyshop.com/vote/show-list.html',
	'REQUEST_METHOD' => 'GET',
	'HTTP_USER_AGENT' => 'Mozilla/5.0 (Windows NT 6.1; WOW64) AppleWebKit/537.36 (KHTML, like Gecko) Chrome/49.0.2623.87 Safari/537.36',
]
env_vars_end
=================================LOG_END
LOG_START=================================
[time=2016-05-06 15:02:43] [192.168.0.175][-][-][level=error][category=yii\base\ErrorException:1] 
message_start
exception 'yii\base\ErrorException' with message 'Class 'Qiniu\Config' not found' in /var/www/diyshop/rebuild/umeworld/lib/Qiniu/functions.php:8
Stack trace:
#0 [internal function]: yii\base\ErrorHandler->handleFatalError()
#1 {main}
message_end

file: /var/www/diyshop/rebuild/umeworld/lib/ErrorHandler.php
line: 25
request_url: http://www.diyshop.com/vote/show-setting.html

trace_start:
    in /var/www/diyshop/rebuild/umeworld/lib/ErrorHandler.php:25
    in /var/www/diyshop/rebuild/common/lib/ErrorHandler.php:25
trace_end

env_vars_start:
$_COOKIE = [
    '_csrf' => '64e21df127a24916c092aa357e9f456fa31dda45ae2af819da9c2752f6b2da94a:2:{i:0;s:5:\"_csrf\";i:1;s:32:\"SVbkIa5107GOCeJYP7pFKxvhOiE2h1rc\";}'
    'managerId' => 'T2aJb2L68_ugsadu_w_e83ce_'
]


$_SERVER = [
	'HTTP_HOST' => 'www.diyshop.com',
	'REQUEST_URI' => '/vote/show-setting.html',
	'HTTP_REFERER' => 'http://www.diyshop.com/vote/show-list.html',
	'REQUEST_METHOD' => 'GET',
	'HTTP_USER_AGENT' => 'Mozilla/5.0 (Windows NT 6.1; WOW64) AppleWebKit/537.36 (KHTML, like Gecko) Chrome/49.0.2623.87 Safari/537.36',
]
env_vars_end
=================================LOG_END
LOG_START=================================
[time=2016-05-06 15:14:08] [192.168.0.175][-][-][level=error][category=yii\base\UnknownPropertyException] 
message_start
exception 'yii\base\UnknownPropertyException' with message 'Setting unknown property: umeworld\lib\Qiniu::privateDomain' in /var/www/diyshop/framework/yiisoft/yii2/base/Component.php:197
Stack trace:
#0 /var/www/diyshop/framework/yiisoft/yii2/BaseYii.php(518): yii\base\Component->__set('privateDomain', 'o6qtdzzxr.bkt.c...')
#1 /var/www/diyshop/framework/yiisoft/yii2/base/Object.php(105): yii\BaseYii::configure(Object(umeworld\lib\Qiniu), Array)
#2 [internal function]: yii\base\Object->__construct(Array)
#3 /var/www/diyshop/framework/yiisoft/yii2/di/Container.php(372): ReflectionClass->newInstanceArgs(Array)
#4 /var/www/diyshop/framework/yiisoft/yii2/di/Container.php(151): yii\di\Container->build('umeworld\lib\Qi...', Array, Array)
#5 /var/www/diyshop/framework/yiisoft/yii2/BaseYii.php(344): yii\di\Container->get('umeworld\lib\Qi...', Array, Array)
#6 /var/www/diyshop/framework/yiisoft/yii2/di/ServiceLocator.php(133): yii\BaseYii::createObject(Array)
#7 /var/www/diyshop/framework/yiisoft/yii2/di/ServiceLocator.php(71): yii\di\ServiceLocator->get('qiniu')
#8 /var/www/diyshop/rebuild/apps/home/controllers/VoteController.php(31): yii\di\ServiceLocator->__get('qiniu')
#9 [internal function]: home\controllers\VoteController->actionShowSetting()
#10 /var/www/diyshop/framework/yiisoft/yii2/base/InlineAction.php(55): call_user_func_array(Array, Array)
#11 /var/www/diyshop/framework/yiisoft/yii2/base/Controller.php(151): yii\base\InlineAction->runWithParams(Array)
#12 /var/www/diyshop/framework/yiisoft/yii2/base/Module.php(455): yii\base\Controller->runAction('show-setting', Array)
#13 /var/www/diyshop/framework/yiisoft/yii2/web/Application.php(84): yii\base\Module->runAction('vote/show-setti...', Array)
#14 /var/www/diyshop/framework/yiisoft/yii2/base/Application.php(375): yii\web\Application->handleRequest(Object(yii\web\Request))
#15 /var/www/diyshop/rebuild/apps/home/web/index.php(4): yii\base\Application->run()
#16 {main}
message_end

file: /var/www/diyshop/rebuild/umeworld/lib/ErrorHandler.php
line: 25
request_url: http://www.diyshop.com/vote/show-setting.html

trace_start:
    in /var/www/diyshop/rebuild/umeworld/lib/ErrorHandler.php:25
    in /var/www/diyshop/rebuild/common/lib/ErrorHandler.php:25
trace_end

env_vars_start:
$_COOKIE = [
    '_csrf' => '64e21df127a24916c092aa357e9f456fa31dda45ae2af819da9c2752f6b2da94a:2:{i:0;s:5:\"_csrf\";i:1;s:32:\"SVbkIa5107GOCeJYP7pFKxvhOiE2h1rc\";}'
    'managerId' => 'T2aJb2L68_ugsadu_w_e83ce_'
]


$_SERVER = [
	'HTTP_HOST' => 'www.diyshop.com',
	'REQUEST_URI' => '/vote/show-setting.html',
	'HTTP_REFERER' => '',
	'REQUEST_METHOD' => 'GET',
	'HTTP_USER_AGENT' => 'Mozilla/5.0 (Windows NT 6.1; WOW64) AppleWebKit/537.36 (KHTML, like Gecko) Chrome/49.0.2623.87 Safari/537.36',
]
env_vars_end
=================================LOG_END
