LOG_START=================================
[time=2016-08-30 10:31:33] [192.168.0.175][-][-][level=error][category=yii\base\ErrorException:1] 
message_start
exception 'yii\base\ErrorException' with message 'Class 'home\controllers\Xxtea' not found' in /var/www/diyshop/rebuild/apps/home/controllers/ApiController.php:83
Stack trace:
#0 [internal function]: yii\base\ErrorHandler->handleFatalError()
#1 {main}
message_end

file: /var/www/diyshop/rebuild/umeworld/lib/ErrorHandler.php
line: 25
request_url: http://www.diyshop.com/api.json

trace_start:
    in /var/www/diyshop/rebuild/umeworld/lib/ErrorHandler.php:25
    in /var/www/diyshop/rebuild/common/lib/ErrorHandler.php:25
trace_end

env_vars_start:
$_POST = [
    'version' => '1.0.0'
    'timestamp' => '2016-08-30 10:31:22'
    'app_code' => 'ios_diyshop'
    'token' => '39e96d62189d3ccd08b81b6f2db823d0'
    'api_name' => 'createOrder'
    'user_token' => 'ufR21YjhDm_ugsadu_AfXKQBtPHMg_e83ce__e83ce_'
    'aOrderInfo' => [
        0 => [
            'dress_id' => '1'
            'dress_size_color_count_id' => '22'
            'count' => '2'
        ]
        1 => [
            'dress_id' => '2'
            'dress_size_color_count_id' => '28'
            'count' => '1'
        ]
        2 => [
            'dress_id' => '3'
            'dress_size_color_count_id' => '30'
            'count' => '1'
        ]
    ]
    '_csrf' => 'U2hBNmk5Vkw0KjQAXVATBDUxIA4ZCww4Cik0UQ5TJhMZOnlHGg8mLQ=='
]

$_COOKIE = [
    'venderId' => 'T2aJb2L68_ugsadu_w_e83ce_'
    '_csrf' => '4af997012b5596e68152e4c8e19fa25fe18522516a9d0fcc3a943ca949f8bdd6a:2:{i:0;s:5:\"_csrf\";i:1;s:32:\"gBu64iEHfYa8p2ZtYAuggjp_JR8qs6pa\";}'
]


$_SERVER = [
	'HTTP_HOST' => 'www.diyshop.com',
	'REQUEST_URI' => '/api.json',
	'HTTP_REFERER' => 'http://www.diyshop.com/api/test.html',
	'REQUEST_METHOD' => 'POST',
	'HTTP_USER_AGENT' => 'Mozilla/5.0 (Windows NT 6.1; WOW64) AppleWebKit/537.36 (KHTML, like Gecko) Chrome/52.0.2743.116 Safari/537.36',
]
env_vars_end
=================================LOG_END
LOG_START=================================
[time=2016-08-30 10:32:38] [192.168.0.175][-][-][level=error][category=yii\base\ErrorException:2] 
message_start
exception 'yii\base\ErrorException' with message 'mt_rand(): max(999) is smaller than min(1000)' in /var/www/diyshop/rebuild/common/model/Order.php:76
Stack trace:
#0 [internal function]: yii\base\ErrorHandler->handleError(2, 'mt_rand(): max(...', '/var/www/diysho...', 76, Array)
#1 /var/www/diyshop/rebuild/common/model/Order.php(76): mt_rand(1000, 999)
#2 /var/www/diyshop/rebuild/apps/home/controllers/api/OrderApi.php(82): common\model\Order::generateOrderNum()
#3 /var/www/diyshop/rebuild/apps/home/controllers/ApiController.php(76): home\controllers\ApiController->createOrder()
#4 [internal function]: home\controllers\ApiController->actionIndex()
#5 /var/www/diyshop/framework/yiisoft/yii2/base/InlineAction.php(55): call_user_func_array(Array, Array)
#6 /var/www/diyshop/framework/yiisoft/yii2/base/Controller.php(151): yii\base\InlineAction->runWithParams(Array)
#7 /var/www/diyshop/framework/yiisoft/yii2/base/Module.php(455): yii\base\Controller->runAction('index', Array)
#8 /var/www/diyshop/framework/yiisoft/yii2/web/Application.php(84): yii\base\Module->runAction('api/index', Array)
#9 /var/www/diyshop/framework/yiisoft/yii2/base/Application.php(375): yii\web\Application->handleRequest(Object(yii\web\Request))
#10 /var/www/diyshop/rebuild/apps/home/web/index.php(4): yii\base\Application->run()
#11 {main}
message_end

file: /var/www/diyshop/rebuild/umeworld/lib/ErrorHandler.php
line: 25
request_url: http://www.diyshop.com/api.json

trace_start:
    in /var/www/diyshop/rebuild/umeworld/lib/ErrorHandler.php:25
    in /var/www/diyshop/rebuild/common/lib/ErrorHandler.php:25
trace_end

env_vars_start:
$_POST = [
    'version' => '1.0.0'
    'timestamp' => '2016-08-30 10:31:22'
    'app_code' => 'ios_diyshop'
    'token' => '39e96d62189d3ccd08b81b6f2db823d0'
    'api_name' => 'createOrder'
    'user_token' => 'ufR21YjhDm_ugsadu_AfXKQBtPHMg_e83ce__e83ce_'
    'aOrderInfo' => [
        0 => [
            'dress_id' => '1'
            'dress_size_color_count_id' => '22'
            'count' => '2'
        ]
        1 => [
            'dress_id' => '2'
            'dress_size_color_count_id' => '28'
            'count' => '1'
        ]
        2 => [
            'dress_id' => '3'
            'dress_size_color_count_id' => '30'
            'count' => '1'
        ]
    ]
    '_csrf' => 'U2hBNmk5Vkw0KjQAXVATBDUxIA4ZCww4Cik0UQ5TJhMZOnlHGg8mLQ=='
]

$_COOKIE = [
    'venderId' => 'T2aJb2L68_ugsadu_w_e83ce_'
    '_csrf' => '4af997012b5596e68152e4c8e19fa25fe18522516a9d0fcc3a943ca949f8bdd6a:2:{i:0;s:5:\"_csrf\";i:1;s:32:\"gBu64iEHfYa8p2ZtYAuggjp_JR8qs6pa\";}'
]


$_SERVER = [
	'HTTP_HOST' => 'www.diyshop.com',
	'REQUEST_URI' => '/api.json',
	'HTTP_REFERER' => 'http://www.diyshop.com/api/test.html',
	'REQUEST_METHOD' => 'POST',
	'HTTP_USER_AGENT' => 'Mozilla/5.0 (Windows NT 6.1; WOW64) AppleWebKit/537.36 (KHTML, like Gecko) Chrome/52.0.2743.116 Safari/537.36',
]
env_vars_end
=================================LOG_END
LOG_START=================================
[time=2016-08-30 11:25:21] [192.168.0.175][-][-][level=error][category=yii\base\ErrorException:8] 
message_start
exception 'yii\base\ErrorException' with message 'Undefined variable: id' in /var/www/diyshop/rebuild/apps/home/controllers/api/OrderApi.php:36
Stack trace:
#0 /var/www/diyshop/rebuild/apps/home/controllers/api/OrderApi.php(36): yii\base\ErrorHandler->handleError(8, 'Undefined varia...', '/var/www/diysho...', 36, Array)
#1 /var/www/diyshop/rebuild/apps/home/controllers/ApiController.php(76): home\controllers\ApiController->createOrder()
#2 [internal function]: home\controllers\ApiController->actionIndex()
#3 /var/www/diyshop/framework/yiisoft/yii2/base/InlineAction.php(55): call_user_func_array(Array, Array)
#4 /var/www/diyshop/framework/yiisoft/yii2/base/Controller.php(151): yii\base\InlineAction->runWithParams(Array)
#5 /var/www/diyshop/framework/yiisoft/yii2/base/Module.php(455): yii\base\Controller->runAction('index', Array)
#6 /var/www/diyshop/framework/yiisoft/yii2/web/Application.php(84): yii\base\Module->runAction('api/index', Array)
#7 /var/www/diyshop/framework/yiisoft/yii2/base/Application.php(375): yii\web\Application->handleRequest(Object(yii\web\Request))
#8 /var/www/diyshop/rebuild/apps/home/web/index.php(4): yii\base\Application->run()
#9 {main}
message_end

file: /var/www/diyshop/rebuild/umeworld/lib/ErrorHandler.php
line: 25
request_url: http://www.diyshop.com/api.json

trace_start:
    in /var/www/diyshop/rebuild/umeworld/lib/ErrorHandler.php:25
    in /var/www/diyshop/rebuild/common/lib/ErrorHandler.php:25
trace_end

env_vars_start:
$_POST = [
    'version' => '1.0.0'
    'timestamp' => '2016-08-30 11:25:19'
    'app_code' => 'ios_diyshop'
    'token' => '4d1f67be32437db99cda4f00a16fe7d5'
    'api_name' => 'createOrder'
    'user_token' => 'ufR21YjhDm_ugsadu_AfXKQBtPHMg_e83ce__e83ce_'
    'aOrderInfo' => [
        0 => [
            'dress_id' => '1'
            'dress_size_color_count_id' => '22'
            'count' => '2'
        ]
        1 => [
            'dress_id' => '2'
            'dress_size_color_count_id' => '28'
            'count' => '1'
        ]
        2 => [
            'dress_id' => '3'
            'dress_size_color_count_id' => '30'
            'count' => '1'
        ]
    ]
    '_csrf' => 'd1E1U2ouVjIQE0BlXkcTehEIVGsaHAxGLhBANA1EJm09Aw0iGRgmUw=='
]

$_COOKIE = [
    '_csrf' => '4af997012b5596e68152e4c8e19fa25fe18522516a9d0fcc3a943ca949f8bdd6a:2:{i:0;s:5:\"_csrf\";i:1;s:32:\"gBu64iEHfYa8p2ZtYAuggjp_JR8qs6pa\";}'
    'venderId' => 'T2aJb2L68_ugsadu_w_e83ce_'
]


$_SERVER = [
	'HTTP_HOST' => 'www.diyshop.com',
	'REQUEST_URI' => '/api.json',
	'HTTP_REFERER' => 'http://www.diyshop.com/api/test.html',
	'REQUEST_METHOD' => 'POST',
	'HTTP_USER_AGENT' => 'Mozilla/5.0 (Windows NT 6.1; WOW64) AppleWebKit/537.36 (KHTML, like Gecko) Chrome/52.0.2743.116 Safari/537.36',
]
env_vars_end
=================================LOG_END
LOG_START=================================
[time=2016-08-30 14:49:19] [192.168.0.175][-][-][level=error][category=yii\base\ErrorException:4] 
message_start
exception 'yii\base\ErrorException' with message 'syntax error, unexpected '->' (T_OBJECT_OPERATOR), expecting ']'' in /var/www/diyshop/rebuild/apps/home/controllers/api/OrderApi.php:79
Stack trace:
#0 [internal function]: yii\base\ErrorHandler->handleFatalError()
#1 {main}
message_end

file: /var/www/diyshop/rebuild/umeworld/lib/ErrorHandler.php
line: 25
request_url: http://www.diyshop.com/api/test.html

trace_start:
    in /var/www/diyshop/rebuild/umeworld/lib/ErrorHandler.php:25
    in /var/www/diyshop/rebuild/common/lib/ErrorHandler.php:25
trace_end

env_vars_start:
$_COOKIE = [
    '_csrf' => '4af997012b5596e68152e4c8e19fa25fe18522516a9d0fcc3a943ca949f8bdd6a:2:{i:0;s:5:\"_csrf\";i:1;s:32:\"gBu64iEHfYa8p2ZtYAuggjp_JR8qs6pa\";}'
    'venderId' => 'T2aJb2L68_ugsadu_w_e83ce_'
]


$_SERVER = [
	'HTTP_HOST' => 'www.diyshop.com',
	'REQUEST_URI' => '/api/test.html',
	'HTTP_REFERER' => '',
	'REQUEST_METHOD' => 'GET',
	'HTTP_USER_AGENT' => 'Mozilla/5.0 (Windows NT 6.1; WOW64) AppleWebKit/537.36 (KHTML, like Gecko) Chrome/52.0.2743.116 Safari/537.36',
]
env_vars_end
=================================LOG_END
