LOG_START=================================
[time=2016-05-09 13:57:30] [192.168.0.175][-][-][level=error][category=yii\base\ErrorException:4] 
message_start
exception 'yii\base\ErrorException' with message 'syntax error, unexpected ''aDressCatalog'' (T_CONSTANT_ENCAPSED_STRING), expecting ']'' in /var/www/diyshop/rebuild/apps/home/controllers/DressCatalogController.php:32
Stack trace:
#0 [internal function]: yii\base\ErrorHandler->handleFatalError()
#1 {main}
message_end

file: /var/www/diyshop/rebuild/umeworld/lib/ErrorHandler.php
line: 25
request_url: http://www.diyshop.com/dress-catalog/show-edit.html?id=1

trace_start:
    in /var/www/diyshop/rebuild/umeworld/lib/ErrorHandler.php:25
    in /var/www/diyshop/rebuild/common/lib/ErrorHandler.php:25
trace_end

env_vars_start:
$_GET = [
    'id' => '1'
]

$_COOKIE = [
    '_csrf' => '1797d8fef8fc49f2e26fa64cbef79c4222a1d353db6e1e6d61c30bb0c2b960dea:2:{i:0;s:5:\"_csrf\";i:1;s:32:\"eg8M5sp3s1P7v_Pwj0pMzTjwT-BGuzwm\";}'
    'managerId' => 'T2aJb2L68_ugsadu_w_e83ce_'
]


$_SERVER = [
	'HTTP_HOST' => 'www.diyshop.com',
	'REQUEST_URI' => '/dress-catalog/show-edit.html?id=1',
	'HTTP_REFERER' => 'http://www.diyshop.com/dress-catalog/show-list.html',
	'REQUEST_METHOD' => 'GET',
	'HTTP_USER_AGENT' => 'Mozilla/5.0 (Windows NT 6.1; WOW64) AppleWebKit/537.36 (KHTML, like Gecko) Chrome/49.0.2623.87 Safari/537.36',
]
env_vars_end
=================================LOG_END
LOG_START=================================
[time=2016-05-09 14:12:54] [192.168.0.175][-][-][level=error][category=yii\base\ErrorException:4] 
message_start
exception 'yii\base\ErrorException' with message 'syntax error, unexpected 'as' (T_AS), expecting ';'' in /var/www/diyshop/rebuild/apps/home/controllers/DressCatalogController.php:15
Stack trace:
#0 [internal function]: yii\base\ErrorHandler->handleFatalError()
#1 {main}
message_end

file: /var/www/diyshop/rebuild/umeworld/lib/ErrorHandler.php
line: 25
request_url: http://www.diyshop.com/dress-catalog/show-list.html

trace_start:
    in /var/www/diyshop/rebuild/umeworld/lib/ErrorHandler.php:25
    in /var/www/diyshop/rebuild/common/lib/ErrorHandler.php:25
trace_end

env_vars_start:
$_COOKIE = [
    '_csrf' => '1797d8fef8fc49f2e26fa64cbef79c4222a1d353db6e1e6d61c30bb0c2b960dea:2:{i:0;s:5:\"_csrf\";i:1;s:32:\"eg8M5sp3s1P7v_Pwj0pMzTjwT-BGuzwm\";}'
    'managerId' => 'T2aJb2L68_ugsadu_w_e83ce_'
]


$_SERVER = [
	'HTTP_HOST' => 'www.diyshop.com',
	'REQUEST_URI' => '/dress-catalog/show-list.html',
	'HTTP_REFERER' => 'http://www.diyshop.com/dress-catalog/show-edit.html',
	'REQUEST_METHOD' => 'GET',
	'HTTP_USER_AGENT' => 'Mozilla/5.0 (Windows NT 6.1; WOW64) AppleWebKit/537.36 (KHTML, like Gecko) Chrome/49.0.2623.87 Safari/537.36',
]
env_vars_end
=================================LOG_END
LOG_START=================================
[time=2016-05-09 15:08:15] [192.168.0.175][-][-][level=error][category=yii\base\ErrorException:8] 
message_start
exception 'yii\base\ErrorException' with message 'Undefined variable: aData' in /var/www/diyshop/rebuild/apps/home/views/dress-catalog/show-list.php:71
Stack trace:
#0 /var/www/diyshop/rebuild/apps/home/views/dress-catalog/show-list.php(71): yii\base\ErrorHandler->handleError(8, 'Undefined varia...', '/var/www/diysho...', 71, Array)
#1 /var/www/diyshop/rebuild/apps/home/widgets/Table.php(42): yii\base\View->{closure}(Array, 0)
#2 /var/www/diyshop/rebuild/apps/home/widgets/views/table/base.php(33): home\widgets\Table->parseColumnItemContent(Array, 0, Array, 'is_show')
#3 /var/www/diyshop/framework/yiisoft/yii2/base/View.php(325): require('/var/www/diysho...')
#4 /var/www/diyshop/framework/yiisoft/yii2/base/View.php(247): yii\base\View->renderPhpFile('/var/www/diysho...', Array)
#5 /var/www/diyshop/framework/yiisoft/yii2/base/View.php(149): yii\base\View->renderFile('/var/www/diysho...', Array, Object(home\widgets\Table))
#6 /var/www/diyshop/framework/yiisoft/yii2/base/Widget.php(191): yii\base\View->render('table/base', Array, Object(home\widgets\Table))
#7 /var/www/diyshop/rebuild/apps/home/widgets/Table.php(25): yii\base\Widget->render('table/base', Array)
#8 /var/www/diyshop/framework/yiisoft/yii2/base/Widget.php(98): home\widgets\Table->run()
#9 /var/www/diyshop/rebuild/apps/home/views/dress-catalog/show-list.php(91): yii\base\Widget::widget(Array)
#10 /var/www/diyshop/framework/yiisoft/yii2/base/View.php(325): require('/var/www/diysho...')
#11 /var/www/diyshop/framework/yiisoft/yii2/base/View.php(247): yii\base\View->renderPhpFile('/var/www/diysho...', Array)
#12 /var/www/diyshop/framework/yiisoft/yii2/base/View.php(149): yii\base\View->renderFile('/var/www/diysho...', Array, Object(home\controllers\DressCatalogController))
#13 /var/www/diyshop/framework/yiisoft/yii2/base/Controller.php(371): yii\base\View->render('show-list', Array, Object(home\controllers\DressCatalogController))
#14 /var/www/diyshop/rebuild/apps/home/controllers/DressCatalogController.php(34): yii\base\Controller->render('show-list', Array)
#15 [internal function]: home\controllers\DressCatalogController->actionShowList()
#16 /var/www/diyshop/framework/yiisoft/yii2/base/InlineAction.php(55): call_user_func_array(Array, Array)
#17 /var/www/diyshop/framework/yiisoft/yii2/base/Controller.php(151): yii\base\InlineAction->runWithParams(Array)
#18 /var/www/diyshop/framework/yiisoft/yii2/base/Module.php(455): yii\base\Controller->runAction('show-list', Array)
#19 /var/www/diyshop/framework/yiisoft/yii2/web/Application.php(84): yii\base\Module->runAction('dress-catalog/s...', Array)
#20 /var/www/diyshop/framework/yiisoft/yii2/base/Application.php(375): yii\web\Application->handleRequest(Object(yii\web\Request))
#21 /var/www/diyshop/rebuild/apps/home/web/index.php(4): yii\base\Application->run()
#22 {main}
message_end

file: /var/www/diyshop/rebuild/umeworld/lib/ErrorHandler.php
line: 25
request_url: http://www.diyshop.com/dress-catalog/show-list.html

trace_start:
    in /var/www/diyshop/rebuild/umeworld/lib/ErrorHandler.php:25
    in /var/www/diyshop/rebuild/common/lib/ErrorHandler.php:25
trace_end

env_vars_start:
$_COOKIE = [
    '_csrf' => '1797d8fef8fc49f2e26fa64cbef79c4222a1d353db6e1e6d61c30bb0c2b960dea:2:{i:0;s:5:\"_csrf\";i:1;s:32:\"eg8M5sp3s1P7v_Pwj0pMzTjwT-BGuzwm\";}'
    'managerId' => 'T2aJb2L68_ugsadu_w_e83ce_'
]


$_SERVER = [
	'HTTP_HOST' => 'www.diyshop.com',
	'REQUEST_URI' => '/dress-catalog/show-list.html',
	'HTTP_REFERER' => 'http://www.diyshop.com/dress-catalog/show-edit.html?id=7',
	'REQUEST_METHOD' => 'GET',
	'HTTP_USER_AGENT' => 'Mozilla/5.0 (Windows NT 6.1; WOW64) AppleWebKit/537.36 (KHTML, like Gecko) Chrome/49.0.2623.87 Safari/537.36',
]
env_vars_end
=================================LOG_END
