LOG_START=================================
[time=2016-11-02 10:11:05] [192.168.0.175][-][-][level=error][category=yii\base\ErrorException:1] 
message_start
exception 'yii\base\ErrorException' with message 'Class 'home\controllers\DressSizeColorCount' not found' in /var/www/diyshop/rebuild/apps/home/controllers/SiteController.php:150
Stack trace:
#0 [internal function]: yii\base\ErrorHandler->handleFatalError()
#1 {main}
message_end

file: /var/www/diyshop/rebuild/umeworld/lib/ErrorHandler.php
line: 25
request_url: http://www.diyshop.com/site/order-failure.html?vender_id=1

trace_start:
    in /var/www/diyshop/rebuild/umeworld/lib/ErrorHandler.php:25
    in /var/www/diyshop/rebuild/common/lib/ErrorHandler.php:25
trace_end

env_vars_start:
$_GET = [
    'vender_id' => '1'
]

$_COOKIE = [
    '_csrf' => 'cee24f1053bd04ea512fb49db9563c68d1dc7be177c111e5ab743e6e10b9599aa:2:{i:0;s:5:\"_csrf\";i:1;s:32:\"D9_sdWK-_aysxYwVkhoJwcwWh4xruPmT\";}'
    'venderId' => 'T2aJb2L68_ugsadu_w_e83ce_'
]


$_SERVER = [
	'HTTP_HOST' => 'www.diyshop.com',
	'REQUEST_URI' => '/site/order-failure.html?vender_id=1',
	'HTTP_REFERER' => '',
	'REQUEST_METHOD' => 'GET',
	'HTTP_USER_AGENT' => 'Mozilla/5.0 (Windows NT 6.1; WOW64) AppleWebKit/537.36 (KHTML, like Gecko) Chrome/54.0.2840.59 Safari/537.36',
]
env_vars_end
=================================LOG_END
LOG_START=================================
[time=2016-11-02 10:15:39] [192.168.0.175][-][-][level=error][category=yii\base\ErrorException:1] 
message_start
exception 'yii\base\ErrorException' with message 'Class 'common\model\ArrayHelper' not found' in /var/www/diyshop/rebuild/common/model/Order.php:135
Stack trace:
#0 [internal function]: yii\base\ErrorHandler->handleFatalError()
#1 {main}
message_end

file: /var/www/diyshop/rebuild/umeworld/lib/ErrorHandler.php
line: 25
request_url: http://www.diyshop.com/site/order-failure.html?vender_id=1

trace_start:
    in /var/www/diyshop/rebuild/umeworld/lib/ErrorHandler.php:25
    in /var/www/diyshop/rebuild/common/lib/ErrorHandler.php:25
trace_end

env_vars_start:
$_GET = [
    'vender_id' => '1'
]

$_COOKIE = [
    '_csrf' => 'cee24f1053bd04ea512fb49db9563c68d1dc7be177c111e5ab743e6e10b9599aa:2:{i:0;s:5:\"_csrf\";i:1;s:32:\"D9_sdWK-_aysxYwVkhoJwcwWh4xruPmT\";}'
    'venderId' => 'T2aJb2L68_ugsadu_w_e83ce_'
]


$_SERVER = [
	'HTTP_HOST' => 'www.diyshop.com',
	'REQUEST_URI' => '/site/order-failure.html?vender_id=1',
	'HTTP_REFERER' => '',
	'REQUEST_METHOD' => 'GET',
	'HTTP_USER_AGENT' => 'Mozilla/5.0 (Windows NT 6.1; WOW64) AppleWebKit/537.36 (KHTML, like Gecko) Chrome/54.0.2840.59 Safari/537.36',
]
env_vars_end
=================================LOG_END
LOG_START=================================
[time=2016-11-02 10:20:45] [192.168.0.175][-][-][level=error][category=yii\db\Exception:42000] 
message_start
exception 'PDOException' with message 'SQLSTATE[42000]: Syntax error or access violation: 1064 You have an error in your SQL syntax; check the manual that corresponds to your MariaDB server version for the right syntax to use near 'order set `status`=7 where `id` in(28)' at line 1' in /var/www/diyshop/framework/yiisoft/yii2/db/Command.php:781
Stack trace:
#0 /var/www/diyshop/framework/yiisoft/yii2/db/Command.php(781): PDOStatement->execute()
#1 /var/www/diyshop/rebuild/umeworld/lib/DbCommand.php(20): yii\db\Command->execute()
#2 /var/www/diyshop/rebuild/common/model/Order.php(136): umeworld\lib\DbCommand->execute()
#3 /var/www/diyshop/rebuild/apps/home/controllers/SiteController.php(119): common\model\Order::setOrderFailure(1)
#4 [internal function]: home\controllers\SiteController->actionOrderFailure()
#5 /var/www/diyshop/framework/yiisoft/yii2/base/InlineAction.php(55): call_user_func_array(Array, Array)
#6 /var/www/diyshop/framework/yiisoft/yii2/base/Controller.php(151): yii\base\InlineAction->runWithParams(Array)
#7 /var/www/diyshop/framework/yiisoft/yii2/base/Module.php(455): yii\base\Controller->runAction('order-failure', Array)
#8 /var/www/diyshop/framework/yiisoft/yii2/web/Application.php(84): yii\base\Module->runAction('site/order-fail...', Array)
#9 /var/www/diyshop/framework/yiisoft/yii2/base/Application.php(375): yii\web\Application->handleRequest(Object(yii\web\Request))
#10 /var/www/diyshop/rebuild/apps/home/web/index.php(4): yii\base\Application->run()
#11 {main}

Next exception 'yii\db\Exception' with message 'SQLSTATE[42000]: Syntax error or access violation: 1064 You have an error in your SQL syntax; check the manual that corresponds to your MariaDB server version for the right syntax to use near 'order set `status`=7 where `id` in(28)' at line 1
The SQL being executed was: update order set `status`=7 where `id` in(28)' in /var/www/diyshop/framework/yiisoft/yii2/db/Schema.php:628
Stack trace:
#0 /var/www/diyshop/framework/yiisoft/yii2/db/Command.php(791): yii\db\Schema->convertException(Object(PDOException), 'update order se...')
#1 /var/www/diyshop/rebuild/umeworld/lib/DbCommand.php(20): yii\db\Command->execute()
#2 /var/www/diyshop/rebuild/common/model/Order.php(136): umeworld\lib\DbCommand->execute()
#3 /var/www/diyshop/rebuild/apps/home/controllers/SiteController.php(119): common\model\Order::setOrderFailure(1)
#4 [internal function]: home\controllers\SiteController->actionOrderFailure()
#5 /var/www/diyshop/framework/yiisoft/yii2/base/InlineAction.php(55): call_user_func_array(Array, Array)
#6 /var/www/diyshop/framework/yiisoft/yii2/base/Controller.php(151): yii\base\InlineAction->runWithParams(Array)
#7 /var/www/diyshop/framework/yiisoft/yii2/base/Module.php(455): yii\base\Controller->runAction('order-failure', Array)
#8 /var/www/diyshop/framework/yiisoft/yii2/web/Application.php(84): yii\base\Module->runAction('site/order-fail...', Array)
#9 /var/www/diyshop/framework/yiisoft/yii2/base/Application.php(375): yii\web\Application->handleRequest(Object(yii\web\Request))
#10 /var/www/diyshop/rebuild/apps/home/web/index.php(4): yii\base\Application->run()
#11 {main}
Additional Information:
Array
(
    [0] => 42000
    [1] => 1064
    [2] => You have an error in your SQL syntax; check the manual that corresponds to your MariaDB server version for the right syntax to use near 'order set `status`=7 where `id` in(28)' at line 1
)

message_end

file: /var/www/diyshop/rebuild/umeworld/lib/ErrorHandler.php
line: 25
request_url: http://www.diyshop.com/site/order-failure.html?vender_id=1

trace_start:
    in /var/www/diyshop/rebuild/umeworld/lib/ErrorHandler.php:25
    in /var/www/diyshop/rebuild/common/lib/ErrorHandler.php:25
trace_end

env_vars_start:
$_GET = [
    'vender_id' => '1'
]

$_COOKIE = [
    '_csrf' => 'cee24f1053bd04ea512fb49db9563c68d1dc7be177c111e5ab743e6e10b9599aa:2:{i:0;s:5:\"_csrf\";i:1;s:32:\"D9_sdWK-_aysxYwVkhoJwcwWh4xruPmT\";}'
    'venderId' => 'T2aJb2L68_ugsadu_w_e83ce_'
]


$_SERVER = [
	'HTTP_HOST' => 'www.diyshop.com',
	'REQUEST_URI' => '/site/order-failure.html?vender_id=1',
	'HTTP_REFERER' => '',
	'REQUEST_METHOD' => 'GET',
	'HTTP_USER_AGENT' => 'Mozilla/5.0 (Windows NT 6.1; WOW64) AppleWebKit/537.36 (KHTML, like Gecko) Chrome/54.0.2840.59 Safari/537.36',
]
env_vars_end
=================================LOG_END
LOG_START=================================
[time=2016-11-02 11:12:39] [192.168.0.175][-][-][level=error][category=yii\base\ErrorException:8] 
message_start
exception 'yii\base\ErrorException' with message 'Undefined variable: fan_pic' in /var/www/diyshop/rebuild/apps/home/controllers/ManagerDressMatchController.php:110
Stack trace:
#0 /var/www/diyshop/rebuild/apps/home/controllers/ManagerDressMatchController.php(110): yii\base\ErrorHandler->handleError(8, 'Undefined varia...', '/var/www/diysho...', 110, Array)
#1 [internal function]: home\controllers\ManagerDressMatchController->actionSave()
#2 /var/www/diyshop/framework/yiisoft/yii2/base/InlineAction.php(55): call_user_func_array(Array, Array)
#3 /var/www/diyshop/framework/yiisoft/yii2/base/Controller.php(151): yii\base\InlineAction->runWithParams(Array)
#4 /var/www/diyshop/framework/yiisoft/yii2/base/Module.php(455): yii\base\Controller->runAction('save', Array)
#5 /var/www/diyshop/framework/yiisoft/yii2/web/Application.php(84): yii\base\Module->runAction('manager-dress-m...', Array)
#6 /var/www/diyshop/framework/yiisoft/yii2/base/Application.php(375): yii\web\Application->handleRequest(Object(yii\web\Request))
#7 /var/www/diyshop/rebuild/apps/home/web/index.php(4): yii\base\Application->run()
#8 {main}
message_end

file: /var/www/diyshop/rebuild/umeworld/lib/ErrorHandler.php
line: 25
request_url: http://www.diyshop.com/manager-dress-match/save.json

trace_start:
    in /var/www/diyshop/rebuild/umeworld/lib/ErrorHandler.php:25
    in /var/www/diyshop/rebuild/common/lib/ErrorHandler.php:25
trace_end

env_vars_start:
$_POST = [
    'id' => ''
    'name' => '测试tt'
    'price' => '3'
    'sex' => '1'
    'catalogId' => '7'
    'zhenPic' => '/static/data/dress/94/145f40b376fcb2adff4b8fb241cbb9f1.jpeg'
    'fanPic' => '/static/data/dress/38/c5f2a19269c9089799a2228471e262ab.jpeg'
    '_csrf' => 'SEpRN0RfYmsMcw5EIAgpRhcrKEQ8BhU9IyI.fTM8FTwgfilFMQ8PPw=='
]

$_COOKIE = [
    '_csrf' => 'cee24f1053bd04ea512fb49db9563c68d1dc7be177c111e5ab743e6e10b9599aa:2:{i:0;s:5:\"_csrf\";i:1;s:32:\"D9_sdWK-_aysxYwVkhoJwcwWh4xruPmT\";}'
    'managerId' => 'T2aJb2L68_ugsadu_w_e83ce_'
]


$_SERVER = [
	'HTTP_HOST' => 'www.diyshop.com',
	'REQUEST_URI' => '/manager-dress-match/save.json',
	'HTTP_REFERER' => 'http://www.diyshop.com/manager-dress-match/show-edit.html',
	'REQUEST_METHOD' => 'POST',
	'HTTP_USER_AGENT' => 'Mozilla/5.0 (Windows NT 6.1; WOW64) AppleWebKit/537.36 (KHTML, like Gecko) Chrome/54.0.2840.59 Safari/537.36',
]
env_vars_end
=================================LOG_END
LOG_START=================================
[time=2016-11-02 11:18:38] [192.168.0.175][-][-][level=error][category=yii\base\UnknownPropertyException] 
message_start
exception 'yii\base\UnknownPropertyException' with message 'Getting unknown property: umeworld\lib\Application::urlManagerLogin' in /var/www/diyshop/framework/yiisoft/yii2/base/Component.php:143
Stack trace:
#0 /var/www/diyshop/framework/yiisoft/yii2/di/ServiceLocator.php(73): yii\base\Component->__get('urlManagerLogin')
#1 /var/www/diyshop/rebuild/apps/home/controllers/DressManageController.php(24): yii\di\ServiceLocator->__get('urlManagerLogin')
#2 [internal function]: home\controllers\DressManageController->actionShowList()
#3 /var/www/diyshop/framework/yiisoft/yii2/base/InlineAction.php(55): call_user_func_array(Array, Array)
#4 /var/www/diyshop/framework/yiisoft/yii2/base/Controller.php(151): yii\base\InlineAction->runWithParams(Array)
#5 /var/www/diyshop/framework/yiisoft/yii2/base/Module.php(455): yii\base\Controller->runAction('show-list', Array)
#6 /var/www/diyshop/framework/yiisoft/yii2/web/Application.php(84): yii\base\Module->runAction('dress-manage/sh...', Array)
#7 /var/www/diyshop/framework/yiisoft/yii2/base/Application.php(375): yii\web\Application->handleRequest(Object(yii\web\Request))
#8 /var/www/diyshop/rebuild/apps/home/web/index.php(4): yii\base\Application->run()
#9 {main}
message_end

file: /var/www/diyshop/rebuild/umeworld/lib/ErrorHandler.php
line: 25
request_url: http://www.diyshop.com/dress-manage/show-list.html

trace_start:
    in /var/www/diyshop/rebuild/umeworld/lib/ErrorHandler.php:25
    in /var/www/diyshop/rebuild/common/lib/ErrorHandler.php:25
trace_end

env_vars_start:
$_COOKIE = [
    '_csrf' => 'cee24f1053bd04ea512fb49db9563c68d1dc7be177c111e5ab743e6e10b9599aa:2:{i:0;s:5:\"_csrf\";i:1;s:32:\"D9_sdWK-_aysxYwVkhoJwcwWh4xruPmT\";}'
    'venderId' => 'T2aJb2L68_ugsadu_w_e83ce_'
]


$_SERVER = [
	'HTTP_HOST' => 'www.diyshop.com',
	'REQUEST_URI' => '/dress-manage/show-list.html',
	'HTTP_REFERER' => 'http://www.diyshop.com/vender-dress-match/show-edit.html?id=6',
	'REQUEST_METHOD' => 'GET',
	'HTTP_USER_AGENT' => 'Mozilla/5.0 (Windows NT 6.1; WOW64) AppleWebKit/537.36 (KHTML, like Gecko) Chrome/54.0.2840.59 Safari/537.36',
]
env_vars_end
=================================LOG_END
LOG_START=================================
[time=2016-11-02 11:18:57] [192.168.0.175][-][-][level=error][category=yii\base\UnknownPropertyException] 
message_start
exception 'yii\base\UnknownPropertyException' with message 'Getting unknown property: umeworld\lib\Application::urlManagerLogin' in /var/www/diyshop/framework/yiisoft/yii2/base/Component.php:143
Stack trace:
#0 /var/www/diyshop/framework/yiisoft/yii2/di/ServiceLocator.php(73): yii\base\Component->__get('urlManagerLogin')
#1 /var/www/diyshop/rebuild/apps/home/controllers/DressManageController.php(24): yii\di\ServiceLocator->__get('urlManagerLogin')
#2 [internal function]: home\controllers\DressManageController->actionShowList()
#3 /var/www/diyshop/framework/yiisoft/yii2/base/InlineAction.php(55): call_user_func_array(Array, Array)
#4 /var/www/diyshop/framework/yiisoft/yii2/base/Controller.php(151): yii\base\InlineAction->runWithParams(Array)
#5 /var/www/diyshop/framework/yiisoft/yii2/base/Module.php(455): yii\base\Controller->runAction('show-list', Array)
#6 /var/www/diyshop/framework/yiisoft/yii2/web/Application.php(84): yii\base\Module->runAction('dress-manage/sh...', Array)
#7 /var/www/diyshop/framework/yiisoft/yii2/base/Application.php(375): yii\web\Application->handleRequest(Object(yii\web\Request))
#8 /var/www/diyshop/rebuild/apps/home/web/index.php(4): yii\base\Application->run()
#9 {main}
message_end

file: /var/www/diyshop/rebuild/umeworld/lib/ErrorHandler.php
line: 25
request_url: http://www.diyshop.com/dress-manage/show-list.html

trace_start:
    in /var/www/diyshop/rebuild/umeworld/lib/ErrorHandler.php:25
    in /var/www/diyshop/rebuild/common/lib/ErrorHandler.php:25
trace_end

env_vars_start:
$_COOKIE = [
    '_csrf' => 'cee24f1053bd04ea512fb49db9563c68d1dc7be177c111e5ab743e6e10b9599aa:2:{i:0;s:5:\"_csrf\";i:1;s:32:\"D9_sdWK-_aysxYwVkhoJwcwWh4xruPmT\";}'
    'venderId' => 'T2aJb2L68_ugsadu_w_e83ce_'
]


$_SERVER = [
	'HTTP_HOST' => 'www.diyshop.com',
	'REQUEST_URI' => '/dress-manage/show-list.html',
	'HTTP_REFERER' => 'http://www.diyshop.com/vender-dress-match/show-edit.html?id=6',
	'REQUEST_METHOD' => 'GET',
	'HTTP_USER_AGENT' => 'Mozilla/5.0 (Windows NT 6.1; WOW64) AppleWebKit/537.36 (KHTML, like Gecko) Chrome/54.0.2840.59 Safari/537.36',
]
env_vars_end
=================================LOG_END
