LOG_START=================================
[time=2016-10-10 09:14:11] [192.168.0.175][-][-][level=error][category=yii\base\ErrorException:2] 
message_start
exception 'yii\base\ErrorException' with message 'Invalid argument supplied for foreach()' in /var/www/diyshop/rebuild/apps/home/views/top-advertisement/show-manage.php:97
Stack trace:
#0 /var/www/diyshop/rebuild/apps/home/views/top-advertisement/show-manage.php(97): yii\base\ErrorHandler->handleError(2, 'Invalid argumen...', '/var/www/diysho...', 97, Array)
#1 /var/www/diyshop/framework/yiisoft/yii2/base/View.php(325): require('/var/www/diysho...')
#2 /var/www/diyshop/framework/yiisoft/yii2/base/View.php(247): yii\base\View->renderPhpFile('/var/www/diysho...', Array)
#3 /var/www/diyshop/framework/yiisoft/yii2/base/View.php(149): yii\base\View->renderFile('/var/www/diysho...', Array, Object(home\controllers\TopAdvertisementController))
#4 /var/www/diyshop/framework/yiisoft/yii2/base/Controller.php(371): yii\base\View->render('show-manage', Array, Object(home\controllers\TopAdvertisementController))
#5 /var/www/diyshop/rebuild/apps/home/controllers/TopAdvertisementController.php(26): yii\base\Controller->render('show-manage', Array)
#6 [internal function]: home\controllers\TopAdvertisementController->actionShowManageTopAdv()
#7 /var/www/diyshop/framework/yiisoft/yii2/base/InlineAction.php(55): call_user_func_array(Array, Array)
#8 /var/www/diyshop/framework/yiisoft/yii2/base/Controller.php(151): yii\base\InlineAction->runWithParams(Array)
#9 /var/www/diyshop/framework/yiisoft/yii2/base/Module.php(455): yii\base\Controller->runAction('show-manage-top...', Array)
#10 /var/www/diyshop/framework/yiisoft/yii2/web/Application.php(84): yii\base\Module->runAction('top-advertiseme...', Array)
#11 /var/www/diyshop/framework/yiisoft/yii2/base/Application.php(375): yii\web\Application->handleRequest(Object(yii\web\Request))
#12 /var/www/diyshop/rebuild/apps/home/web/index.php(4): yii\base\Application->run()
#13 {main}
message_end

file: /var/www/diyshop/rebuild/umeworld/lib/ErrorHandler.php
line: 25
request_url: http://www.diyshop.com/top-advertisement/show-manage-top-adv.html

trace_start:
    in /var/www/diyshop/rebuild/umeworld/lib/ErrorHandler.php:25
    in /var/www/diyshop/rebuild/common/lib/ErrorHandler.php:25
trace_end

env_vars_start:
$_COOKIE = [
    '_csrf' => '680ce1297ef1fb57067eed850b82fe134572852b12c6b376166b39ca900616b1a:2:{i:0;s:5:\"_csrf\";i:1;s:32:\"O2vEDrc_fp51UJ9ViSKf8gv3ZNEw51FR\";}'
    'managerId' => 'T2aJb2L68_ugsadu_w_e83ce_'
]


$_SERVER = [
	'HTTP_HOST' => 'www.diyshop.com',
	'REQUEST_URI' => '/top-advertisement/show-manage-top-adv.html',
	'HTTP_REFERER' => 'http://www.diyshop.com/manager/index.html',
	'REQUEST_METHOD' => 'GET',
	'HTTP_USER_AGENT' => 'Mozilla/5.0 (Windows NT 6.1; WOW64) AppleWebKit/537.36 (KHTML, like Gecko) Chrome/52.0.2743.116 Safari/537.36',
]
env_vars_end
=================================LOG_END
