LOG_START=================================
[time=2016-10-11 16:28:37] [192.168.0.175][-][-][level=error][category=yii\base\ErrorException:1] 
message_start
exception 'yii\base\ErrorException' with message 'Class 'common\model\ArrayHelper' not found' in /var/www/diyshop/rebuild/common/model/ManagerDressMatch.php:27
Stack trace:
#0 [internal function]: yii\base\ErrorHandler->handleFatalError()
#1 {main}
message_end

file: /var/www/diyshop/rebuild/umeworld/lib/ErrorHandler.php
line: 25
request_url: http://www.diyshop.com/api.json

trace_start:
    in /var/www/diyshop/rebuild/umeworld/lib/ErrorHandler.php:25
    in /var/www/diyshop/rebuild/common/lib/ErrorHandler.php:25
trace_end

env_vars_start:
$_POST = [
    'version' => '1.0.0'
    'timestamp' => '2016-10-11 16:11:54'
    'app_code' => 'ios_diyshop'
    'token' => 'bd6d124cb03daa2c9bf7197403f95842'
    'api_name' => 'getDressList'
    'page' => '1'
    'page_size' => '5'
    'keyword' => ''
    '_csrf' => 'T19HYmFldXUdFnIxKzElJAo4LQU3FToeOC8gExIHGjEHMDYEKBJABQ=='
]

$_COOKIE = [
    '_csrf' => '9c1ff2017309f3824db9548ba11edeafa0eb5aefa634a9d409a65a17c21abaa8a:2:{i:0;s:5:\"_csrf\";i:1;s:32:\"RI5SJTPQEgjgVpOkwpgqsboDHoqfIw5p\";}'
    'managerId' => 'T2aJb2L68_ugsadu_w_e83ce_'
]


$_SERVER = [
	'HTTP_HOST' => 'www.diyshop.com',
	'REQUEST_URI' => '/api.json',
	'HTTP_REFERER' => 'http://www.diyshop.com/api/test.html',
	'REQUEST_METHOD' => 'POST',
	'HTTP_USER_AGENT' => 'Mozilla/5.0 (Windows NT 6.1; WOW64) AppleWebKit/537.36 (KHTML, like Gecko) Chrome/52.0.2743.116 Safari/537.36',
]
env_vars_end
=================================LOG_END
LOG_START=================================
[time=2016-10-11 16:29:48] [192.168.0.175][-][-][level=error][category=yii\base\ErrorException:8] 
message_start
exception 'yii\base\ErrorException' with message 'Undefined index: catalog_info' in /var/www/diyshop/rebuild/common/model/VenderDressMatch.php:45
Stack trace:
#0 /var/www/diyshop/rebuild/common/model/VenderDressMatch.php(45): yii\base\ErrorHandler->handleError(8, 'Undefined index...', '/var/www/diysho...', 45, Array)
#1 /var/www/diyshop/rebuild/common/model/Dress.php(80): common\model\VenderDressMatch::getList(Array)
#2 /var/www/diyshop/rebuild/apps/home/controllers/api/DressApi.php(46): common\model\Dress::getList(Array, Array)
#3 /var/www/diyshop/rebuild/apps/home/controllers/ApiController.php(84): home\controllers\ApiController->getDressList()
#4 [internal function]: home\controllers\ApiController->actionIndex()
#5 /var/www/diyshop/framework/yiisoft/yii2/base/InlineAction.php(55): call_user_func_array(Array, Array)
#6 /var/www/diyshop/framework/yiisoft/yii2/base/Controller.php(151): yii\base\InlineAction->runWithParams(Array)
#7 /var/www/diyshop/framework/yiisoft/yii2/base/Module.php(455): yii\base\Controller->runAction('index', Array)
#8 /var/www/diyshop/framework/yiisoft/yii2/web/Application.php(84): yii\base\Module->runAction('api/index', Array)
#9 /var/www/diyshop/framework/yiisoft/yii2/base/Application.php(375): yii\web\Application->handleRequest(Object(yii\web\Request))
#10 /var/www/diyshop/rebuild/apps/home/web/index.php(4): yii\base\Application->run()
#11 {main}
message_end

file: /var/www/diyshop/rebuild/umeworld/lib/ErrorHandler.php
line: 25
request_url: http://www.diyshop.com/api.json

trace_start:
    in /var/www/diyshop/rebuild/umeworld/lib/ErrorHandler.php:25
    in /var/www/diyshop/rebuild/common/lib/ErrorHandler.php:25
trace_end

env_vars_start:
$_POST = [
    'version' => '1.0.0'
    'timestamp' => '2016-10-11 16:11:54'
    'app_code' => 'ios_diyshop'
    'token' => 'bd6d124cb03daa2c9bf7197403f95842'
    'api_name' => 'getDressList'
    'page' => '1'
    'page_size' => '5'
    'keyword' => ''
    '_csrf' => 'MVpwVUVNcUhjE0UGDxkhGXQ9GjITPT4jRioXJDYvHgx5NQEzDDpEOA=='
]

$_COOKIE = [
    '_csrf' => '9c1ff2017309f3824db9548ba11edeafa0eb5aefa634a9d409a65a17c21abaa8a:2:{i:0;s:5:\"_csrf\";i:1;s:32:\"RI5SJTPQEgjgVpOkwpgqsboDHoqfIw5p\";}'
    'managerId' => 'T2aJb2L68_ugsadu_w_e83ce_'
]


$_SERVER = [
	'HTTP_HOST' => 'www.diyshop.com',
	'REQUEST_URI' => '/api.json',
	'HTTP_REFERER' => 'http://www.diyshop.com/api/test.html',
	'REQUEST_METHOD' => 'POST',
	'HTTP_USER_AGENT' => 'Mozilla/5.0 (Windows NT 6.1; WOW64) AppleWebKit/537.36 (KHTML, like Gecko) Chrome/52.0.2743.116 Safari/537.36',
]
env_vars_end
=================================LOG_END
