LOG_START=================================
[time=2016-09-21 17:52:07] [192.168.0.175][-][-][level=error][category=yii\db\Exception:2] 
message_start
exception 'yii\base\ErrorException' with message 'PDOStatement::bindValue() expects parameter 3 to be long, string given' in /var/www/diyshop/framework/yiisoft/yii2/db/Command.php:279
Stack trace:
#0 [internal function]: yii\base\ErrorHandler->handleError(2, 'PDOStatement::b...', '/var/www/diysho...', 279, Array)
#1 /var/www/diyshop/framework/yiisoft/yii2/db/Command.php(279): PDOStatement->bindValue(':qp6', '/static/data/dr...', '/static/data/dr...')
#2 /var/www/diyshop/framework/yiisoft/yii2/db/Command.php(223): yii\db\Command->bindPendingParams()
#3 /var/www/diyshop/framework/yiisoft/yii2/db/Command.php(775): yii\db\Command->prepare(false)
#4 /var/www/diyshop/rebuild/umeworld/lib/DbCommand.php(20): yii\db\Command->execute()
#5 /var/www/diyshop/rebuild/common/model/Dress.php(108): umeworld\lib\DbCommand->execute()
#6 /var/www/diyshop/rebuild/apps/home/controllers/DressManageController.php(180): common\model\Dress->saveSizeColorCount(Array)
#7 [internal function]: home\controllers\DressManageController->actionSave()
#8 /var/www/diyshop/framework/yiisoft/yii2/base/InlineAction.php(55): call_user_func_array(Array, Array)
#9 /var/www/diyshop/framework/yiisoft/yii2/base/Controller.php(151): yii\base\InlineAction->runWithParams(Array)
#10 /var/www/diyshop/framework/yiisoft/yii2/base/Module.php(455): yii\base\Controller->runAction('save', Array)
#11 /var/www/diyshop/framework/yiisoft/yii2/web/Application.php(84): yii\base\Module->runAction('dress-manage/sa...', Array)
#12 /var/www/diyshop/framework/yiisoft/yii2/base/Application.php(375): yii\web\Application->handleRequest(Object(yii\web\Request))
#13 /var/www/diyshop/rebuild/apps/home/web/index.php(4): yii\base\Application->run()
#14 {main}

Next exception 'yii\db\Exception' with message 'PDOStatement::bindValue() expects parameter 3 to be long, string given
Failed to prepare SQL: INSERT INTO `dress_size_color_count` (`vender_id`, `dress_id`, `size_name`, `color_name`, `stock`, `pic`, `pics`) VALUES (:qp0, :qp1, :qp2, :qp3, :qp4, :qp5, :qp6)' in /var/www/diyshop/framework/yiisoft/yii2/db/Command.php:227
Stack trace:
#0 /var/www/diyshop/framework/yiisoft/yii2/db/Command.php(775): yii\db\Command->prepare(false)
#1 /var/www/diyshop/rebuild/umeworld/lib/DbCommand.php(20): yii\db\Command->execute()
#2 /var/www/diyshop/rebuild/common/model/Dress.php(108): umeworld\lib\DbCommand->execute()
#3 /var/www/diyshop/rebuild/apps/home/controllers/DressManageController.php(180): common\model\Dress->saveSizeColorCount(Array)
#4 [internal function]: home\controllers\DressManageController->actionSave()
#5 /var/www/diyshop/framework/yiisoft/yii2/base/InlineAction.php(55): call_user_func_array(Array, Array)
#6 /var/www/diyshop/framework/yiisoft/yii2/base/Controller.php(151): yii\base\InlineAction->runWithParams(Array)
#7 /var/www/diyshop/framework/yiisoft/yii2/base/Module.php(455): yii\base\Controller->runAction('save', Array)
#8 /var/www/diyshop/framework/yiisoft/yii2/web/Application.php(84): yii\base\Module->runAction('dress-manage/sa...', Array)
#9 /var/www/diyshop/framework/yiisoft/yii2/base/Application.php(375): yii\web\Application->handleRequest(Object(yii\web\Request))
#10 /var/www/diyshop/rebuild/apps/home/web/index.php(4): yii\base\Application->run()
#11 {main}
Additional Information:

message_end

file: /var/www/diyshop/rebuild/umeworld/lib/ErrorHandler.php
line: 25
request_url: http://www.diyshop.com/dress-manage/save.json

trace_start:
    in /var/www/diyshop/rebuild/umeworld/lib/ErrorHandler.php:25
    in /var/www/diyshop/rebuild/common/lib/ErrorHandler.php:25
trace_end

env_vars_start:
$_POST = [
    'id' => '1'
    'name' => '测试服饰1'
    'catalogId' => '1'
    'price' => '50.00'
    'status' => '2'
    'sex' => '2'
    'aSizeColorCount' => [
        0 => [
            'size' => 'S'
            'color' => '白'
            'count' => '1'
            'pic' => '/static/data/dress/97/3da9bf6cc93306924b471b7835309e1d.jpeg'
            'pics' => [
                0 => '/static/data/dress/43/cfdc487e322a5ae1bb7cd18bb6895a79.jpeg'
                1 => '/static/data/dress/40/371ca615cabbcca7bd57b726918d4519.jpeg'
            ]
        ]
        1 => [
            'size' => 'S'
            'color' => '黑'
            'count' => '2'
            'pic' => '/static/data/dress/97/3da9bf6cc93306924b471b7835309e1d.jpeg'
            'pics' => [
                0 => ''
                1 => ''
            ]
        ]
        2 => [
            'size' => 'M'
            'color' => '白'
            'count' => '3'
            'pic' => '/static/data/dress/97/3da9bf6cc93306924b471b7835309e1d.jpeg'
            'pics' => [
                0 => ''
                1 => ''
            ]
        ]
        3 => [
            'size' => 'M'
            'color' => '黑'
            'count' => '91'
            'pic' => '/static/data/dress/97/3da9bf6cc93306924b471b7835309e1d.jpeg'
            'pics' => [
                0 => ''
                1 => ''
            ]
        ]
        4 => [
            'size' => 'L'
            'color' => '白'
            'count' => '5'
            'pic' => '/static/data/dress/97/3da9bf6cc93306924b471b7835309e1d.jpeg'
            'pics' => [
                0 => ''
                1 => ''
            ]
        ]
        5 => [
            'size' => 'L'
            'color' => '黑'
            'count' => '6'
            'pic' => '/static/data/dress/97/3da9bf6cc93306924b471b7835309e1d.jpeg'
            'pics' => [
                0 => ''
                1 => ''
            ]
        ]
    ]
    'aTag' => [
        0 => '夹克'
        1 => '秋冬'
    ]
    'aMaterial' => [
        0 => '纯棉'
        1 => '麻布'
        2 => '尼龙'
    ]
    'aPics' => [
        0 => '/static/data/dress/48/7ea7a7c4e8d0a986a34d1bec0b85b88c.jpeg'
        1 => '/static/data/dress/67/863840619527ceecba13b58b9b8a8186.jpeg'
    ]
    'aDressMatchIds' => [
        'vender' => [
            0 => '1'
        ]
        'manager' => [
            0 => '1'
            1 => '3'
        ]
    ]
    '_csrf' => 'eC13X0N1ekcVWQ5tcTJCLlVkGhElIT0DNX4xDjQtPj4abhsdOh8wCg=='
]

$_COOKIE = [
    '_csrf' => '9c4908f90c5c1cfa71295ba12aec913d97eac1706fd001ed704332060a69a8cea:2:{i:0;s:5:\"_csrf\";i:1;s:32:\"mty22G8i-ImNfTGDMSFQwXDybClByjJM\";}'
    'venderId' => 'T2aJb2L68_ugsadu_w_e83ce_'
]


$_SERVER = [
	'HTTP_HOST' => 'www.diyshop.com',
	'REQUEST_URI' => '/dress-manage/save.json',
	'HTTP_REFERER' => 'http://www.diyshop.com/dress-manage/show-edit.html?id=1',
	'REQUEST_METHOD' => 'POST',
	'HTTP_USER_AGENT' => 'Mozilla/5.0 (Windows NT 6.1; WOW64) AppleWebKit/537.36 (KHTML, like Gecko) Chrome/52.0.2743.116 Safari/537.36',
]
env_vars_end
=================================LOG_END
