LOG_START=================================
[time=2016-06-16 16:02:35] [192.168.0.175][-][-][level=error][category=yii\db\Exception:42000] 
message_start
exception 'PDOException' with message 'SQLSTATE[42000]: Syntax error or access violation: 1064 You have an error in your SQL syntax; check the manual that corresponds to your MariaDB server version for the right syntax to use near 'order where vender_id= and end_time>=125 and end_time<=555' at line 1' in /var/www/diyshop/framework/yiisoft/yii2/db/Command.php:837
Stack trace:
#0 /var/www/diyshop/framework/yiisoft/yii2/db/Command.php(837): PDOStatement->execute()
#1 /var/www/diyshop/framework/yiisoft/yii2/db/Command.php(359): yii\db\Command->queryInternal('fetchAll', NULL)
#2 /var/www/diyshop/rebuild/common/model/Order.php(55): yii\db\Command->queryAll()
#3 /var/www/diyshop/rebuild/apps/home/controllers/VenderManageController.php(16): common\model\Order::getVenderSalesCountAndPrices(NULL, 125, 555)
#4 [internal function]: home\controllers\VenderManageController->actionShowList()
#5 /var/www/diyshop/framework/yiisoft/yii2/base/InlineAction.php(55): call_user_func_array(Array, Array)
#6 /var/www/diyshop/framework/yiisoft/yii2/base/Controller.php(151): yii\base\InlineAction->runWithParams(Array)
#7 /var/www/diyshop/framework/yiisoft/yii2/base/Module.php(455): yii\base\Controller->runAction('show-list', Array)
#8 /var/www/diyshop/framework/yiisoft/yii2/web/Application.php(84): yii\base\Module->runAction('vender-manage/s...', Array)
#9 /var/www/diyshop/framework/yiisoft/yii2/base/Application.php(375): yii\web\Application->handleRequest(Object(yii\web\Request))
#10 /var/www/diyshop/rebuild/apps/home/web/index.php(4): yii\base\Application->run()
#11 {main}

Next exception 'yii\db\Exception' with message 'SQLSTATE[42000]: Syntax error or access violation: 1064 You have an error in your SQL syntax; check the manual that corresponds to your MariaDB server version for the right syntax to use near 'order where vender_id= and end_time>=125 and end_time<=555' at line 1
The SQL being executed was: select sum(dress_count) as sales_count,sum(total_price) as total_price from order where vender_id= and end_time>=125 and end_time<=555' in /var/www/diyshop/framework/yiisoft/yii2/db/Schema.php:628
Stack trace:
#0 /var/www/diyshop/framework/yiisoft/yii2/db/Command.php(852): yii\db\Schema->convertException(Object(PDOException), 'select sum(dres...')
#1 /var/www/diyshop/framework/yiisoft/yii2/db/Command.php(359): yii\db\Command->queryInternal('fetchAll', NULL)
#2 /var/www/diyshop/rebuild/common/model/Order.php(55): yii\db\Command->queryAll()
#3 /var/www/diyshop/rebuild/apps/home/controllers/VenderManageController.php(16): common\model\Order::getVenderSalesCountAndPrices(NULL, 125, 555)
#4 [internal function]: home\controllers\VenderManageController->actionShowList()
#5 /var/www/diyshop/framework/yiisoft/yii2/base/InlineAction.php(55): call_user_func_array(Array, Array)
#6 /var/www/diyshop/framework/yiisoft/yii2/base/Controller.php(151): yii\base\InlineAction->runWithParams(Array)
#7 /var/www/diyshop/framework/yiisoft/yii2/base/Module.php(455): yii\base\Controller->runAction('show-list', Array)
#8 /var/www/diyshop/framework/yiisoft/yii2/web/Application.php(84): yii\base\Module->runAction('vender-manage/s...', Array)
#9 /var/www/diyshop/framework/yiisoft/yii2/base/Application.php(375): yii\web\Application->handleRequest(Object(yii\web\Request))
#10 /var/www/diyshop/rebuild/apps/home/web/index.php(4): yii\base\Application->run()
#11 {main}
Additional Information:
Array
(
    [0] => 42000
    [1] => 1064
    [2] => You have an error in your SQL syntax; check the manual that corresponds to your MariaDB server version for the right syntax to use near 'order where vender_id= and end_time>=125 and end_time<=555' at line 1
)

message_end

file: /var/www/diyshop/rebuild/umeworld/lib/ErrorHandler.php
line: 25
request_url: http://www.diyshop.com/vender-manage/show-list.html

trace_start:
    in /var/www/diyshop/rebuild/umeworld/lib/ErrorHandler.php:25
    in /var/www/diyshop/rebuild/common/lib/ErrorHandler.php:25
trace_end

env_vars_start:
$_COOKIE = [
    '_csrf' => '9254817e399ad57c2a548243f1faeb1406b733634932a49e32d7831d7a19d77aa:2:{i:0;s:5:\"_csrf\";i:1;s:32:\"WRnZAZVM6EwG5KEbeMNLOl_-GpAEgGJW\";}'
    'managerId' => 'T2aJb2L68_ugsadu_w_e83ce_'
]


$_SERVER = [
	'HTTP_HOST' => 'www.diyshop.com',
	'REQUEST_URI' => '/vender-manage/show-list.html',
	'HTTP_REFERER' => 'http://www.diyshop.com/vender-manage/show-edit.html?id=1',
	'REQUEST_METHOD' => 'GET',
	'HTTP_USER_AGENT' => 'Mozilla/5.0 (Windows NT 6.1; WOW64) AppleWebKit/537.36 (KHTML, like Gecko) Chrome/51.0.2704.63 Safari/537.36',
]
env_vars_end
=================================LOG_END
LOG_START=================================
[time=2016-06-16 16:03:19] [192.168.0.175][-][-][level=error][category=yii\base\ErrorException:8] 
message_start
exception 'yii\base\ErrorException' with message 'Trying to get property of non-object' in /var/www/diyshop/rebuild/apps/home/controllers/VenderManageController.php:16
Stack trace:
#0 /var/www/diyshop/rebuild/apps/home/controllers/VenderManageController.php(16): yii\base\ErrorHandler->handleError(8, 'Trying to get p...', '/var/www/diysho...', 16, Array)
#1 [internal function]: home\controllers\VenderManageController->actionShowList()
#2 /var/www/diyshop/framework/yiisoft/yii2/base/InlineAction.php(55): call_user_func_array(Array, Array)
#3 /var/www/diyshop/framework/yiisoft/yii2/base/Controller.php(151): yii\base\InlineAction->runWithParams(Array)
#4 /var/www/diyshop/framework/yiisoft/yii2/base/Module.php(455): yii\base\Controller->runAction('show-list', Array)
#5 /var/www/diyshop/framework/yiisoft/yii2/web/Application.php(84): yii\base\Module->runAction('vender-manage/s...', Array)
#6 /var/www/diyshop/framework/yiisoft/yii2/base/Application.php(375): yii\web\Application->handleRequest(Object(yii\web\Request))
#7 /var/www/diyshop/rebuild/apps/home/web/index.php(4): yii\base\Application->run()
#8 {main}
message_end

file: /var/www/diyshop/rebuild/umeworld/lib/ErrorHandler.php
line: 25
request_url: http://www.diyshop.com/vender-manage/show-list.html

trace_start:
    in /var/www/diyshop/rebuild/umeworld/lib/ErrorHandler.php:25
    in /var/www/diyshop/rebuild/common/lib/ErrorHandler.php:25
trace_end

env_vars_start:
$_COOKIE = [
    '_csrf' => '9254817e399ad57c2a548243f1faeb1406b733634932a49e32d7831d7a19d77aa:2:{i:0;s:5:\"_csrf\";i:1;s:32:\"WRnZAZVM6EwG5KEbeMNLOl_-GpAEgGJW\";}'
    'managerId' => 'T2aJb2L68_ugsadu_w_e83ce_'
]


$_SERVER = [
	'HTTP_HOST' => 'www.diyshop.com',
	'REQUEST_URI' => '/vender-manage/show-list.html',
	'HTTP_REFERER' => 'http://www.diyshop.com/vender-manage/show-edit.html?id=1',
	'REQUEST_METHOD' => 'GET',
	'HTTP_USER_AGENT' => 'Mozilla/5.0 (Windows NT 6.1; WOW64) AppleWebKit/537.36 (KHTML, like Gecko) Chrome/51.0.2704.63 Safari/537.36',
]
env_vars_end
=================================LOG_END
LOG_START=================================
[time=2016-06-16 16:03:59] [192.168.0.175][-][-][level=error][category=yii\db\Exception:42000] 
message_start
exception 'PDOException' with message 'SQLSTATE[42000]: Syntax error or access violation: 1064 You have an error in your SQL syntax; check the manual that corresponds to your MariaDB server version for the right syntax to use near 'order where vender_id=1 and end_time>=125 and end_time<=555' at line 1' in /var/www/diyshop/framework/yiisoft/yii2/db/Command.php:837
Stack trace:
#0 /var/www/diyshop/framework/yiisoft/yii2/db/Command.php(837): PDOStatement->execute()
#1 /var/www/diyshop/framework/yiisoft/yii2/db/Command.php(359): yii\db\Command->queryInternal('fetchAll', NULL)
#2 /var/www/diyshop/rebuild/common/model/Order.php(55): yii\db\Command->queryAll()
#3 /var/www/diyshop/rebuild/apps/home/controllers/VenderManageController.php(16): common\model\Order::getVenderSalesCountAndPrices(1, 125, 555)
#4 [internal function]: home\controllers\VenderManageController->actionShowList()
#5 /var/www/diyshop/framework/yiisoft/yii2/base/InlineAction.php(55): call_user_func_array(Array, Array)
#6 /var/www/diyshop/framework/yiisoft/yii2/base/Controller.php(151): yii\base\InlineAction->runWithParams(Array)
#7 /var/www/diyshop/framework/yiisoft/yii2/base/Module.php(455): yii\base\Controller->runAction('show-list', Array)
#8 /var/www/diyshop/framework/yiisoft/yii2/web/Application.php(84): yii\base\Module->runAction('vender-manage/s...', Array)
#9 /var/www/diyshop/framework/yiisoft/yii2/base/Application.php(375): yii\web\Application->handleRequest(Object(yii\web\Request))
#10 /var/www/diyshop/rebuild/apps/home/web/index.php(4): yii\base\Application->run()
#11 {main}

Next exception 'yii\db\Exception' with message 'SQLSTATE[42000]: Syntax error or access violation: 1064 You have an error in your SQL syntax; check the manual that corresponds to your MariaDB server version for the right syntax to use near 'order where vender_id=1 and end_time>=125 and end_time<=555' at line 1
The SQL being executed was: select sum(dress_count) as sales_count,sum(total_price) as total_price from order where vender_id=1 and end_time>=125 and end_time<=555' in /var/www/diyshop/framework/yiisoft/yii2/db/Schema.php:628
Stack trace:
#0 /var/www/diyshop/framework/yiisoft/yii2/db/Command.php(852): yii\db\Schema->convertException(Object(PDOException), 'select sum(dres...')
#1 /var/www/diyshop/framework/yiisoft/yii2/db/Command.php(359): yii\db\Command->queryInternal('fetchAll', NULL)
#2 /var/www/diyshop/rebuild/common/model/Order.php(55): yii\db\Command->queryAll()
#3 /var/www/diyshop/rebuild/apps/home/controllers/VenderManageController.php(16): common\model\Order::getVenderSalesCountAndPrices(1, 125, 555)
#4 [internal function]: home\controllers\VenderManageController->actionShowList()
#5 /var/www/diyshop/framework/yiisoft/yii2/base/InlineAction.php(55): call_user_func_array(Array, Array)
#6 /var/www/diyshop/framework/yiisoft/yii2/base/Controller.php(151): yii\base\InlineAction->runWithParams(Array)
#7 /var/www/diyshop/framework/yiisoft/yii2/base/Module.php(455): yii\base\Controller->runAction('show-list', Array)
#8 /var/www/diyshop/framework/yiisoft/yii2/web/Application.php(84): yii\base\Module->runAction('vender-manage/s...', Array)
#9 /var/www/diyshop/framework/yiisoft/yii2/base/Application.php(375): yii\web\Application->handleRequest(Object(yii\web\Request))
#10 /var/www/diyshop/rebuild/apps/home/web/index.php(4): yii\base\Application->run()
#11 {main}
Additional Information:
Array
(
    [0] => 42000
    [1] => 1064
    [2] => You have an error in your SQL syntax; check the manual that corresponds to your MariaDB server version for the right syntax to use near 'order where vender_id=1 and end_time>=125 and end_time<=555' at line 1
)

message_end

file: /var/www/diyshop/rebuild/umeworld/lib/ErrorHandler.php
line: 25
request_url: http://www.diyshop.com/vender-manage/show-list.html

trace_start:
    in /var/www/diyshop/rebuild/umeworld/lib/ErrorHandler.php:25
    in /var/www/diyshop/rebuild/common/lib/ErrorHandler.php:25
trace_end

env_vars_start:
$_COOKIE = [
    '_csrf' => '9254817e399ad57c2a548243f1faeb1406b733634932a49e32d7831d7a19d77aa:2:{i:0;s:5:\"_csrf\";i:1;s:32:\"WRnZAZVM6EwG5KEbeMNLOl_-GpAEgGJW\";}'
    'managerId' => 'T2aJb2L68_ugsadu_w_e83ce_'
]


$_SERVER = [
	'HTTP_HOST' => 'www.diyshop.com',
	'REQUEST_URI' => '/vender-manage/show-list.html',
	'HTTP_REFERER' => 'http://www.diyshop.com/vender-manage/show-edit.html?id=1',
	'REQUEST_METHOD' => 'GET',
	'HTTP_USER_AGENT' => 'Mozilla/5.0 (Windows NT 6.1; WOW64) AppleWebKit/537.36 (KHTML, like Gecko) Chrome/51.0.2704.63 Safari/537.36',
]
env_vars_end
=================================LOG_END
