LOG_START=================================
[time=2016-07-28 18:03:01] [192.168.0.175][-][-][level=error][category=yii\base\InvalidCallException] 
message_start
exception 'yii\base\InvalidCallException' with message 'Setting read-only property: yii\web\Request::isAjax' in /var/www/diyshop/framework/yiisoft/yii2/base/Component.php:195
Stack trace:
#0 /var/www/diyshop/rebuild/apps/home/controllers/ApiController.php(128): yii\base\Component->__set('isAjax', true)
#1 [internal function]: home\controllers\ApiController->actionIndex()
#2 /var/www/diyshop/framework/yiisoft/yii2/base/InlineAction.php(55): call_user_func_array(Array, Array)
#3 /var/www/diyshop/framework/yiisoft/yii2/base/Controller.php(151): yii\base\InlineAction->runWithParams(Array)
#4 /var/www/diyshop/framework/yiisoft/yii2/base/Module.php(455): yii\base\Controller->runAction('index', Array)
#5 /var/www/diyshop/framework/yiisoft/yii2/web/Application.php(84): yii\base\Module->runAction('api/index', Array)
#6 /var/www/diyshop/framework/yiisoft/yii2/base/Application.php(375): yii\web\Application->handleRequest(Object(yii\web\Request))
#7 /var/www/diyshop/rebuild/apps/home/web/index.php(4): yii\base\Application->run()
#8 {main}
message_end

file: /var/www/diyshop/rebuild/umeworld/lib/ErrorHandler.php
line: 25
request_url: http://www.diyshop.com/api.json

trace_start:
    in /var/www/diyshop/rebuild/umeworld/lib/ErrorHandler.php:25
    in /var/www/diyshop/rebuild/common/lib/ErrorHandler.php:25
trace_end

env_vars_start:
$_COOKIE = [
    'venderId' => 'T2aJb2L68_ugsadu_w_e83ce_'
]


$_SERVER = [
	'HTTP_HOST' => 'www.diyshop.com',
	'REQUEST_URI' => '/api.json',
	'HTTP_REFERER' => '',
	'REQUEST_METHOD' => 'GET',
	'HTTP_USER_AGENT' => 'Mozilla/5.0 (Windows NT 6.1; WOW64) AppleWebKit/537.36 (KHTML, like Gecko) Chrome/51.0.2704.63 Safari/537.36',
]
env_vars_end
=================================LOG_END
