LOG_START=================================
[time=2016-08-29 14:12:53] [192.168.0.175][-][-][level=error][category=yii\base\ErrorException:8] 
message_start
exception 'yii\base\ErrorException' with message 'Undefined index: name' in /var/www/diyshop/rebuild/apps/home/widgets/views/navi.php:19
Stack trace:
#0 /var/www/diyshop/rebuild/apps/home/widgets/views/navi.php(19): yii\base\ErrorHandler->handleError(8, 'Undefined index...', '/var/www/diysho...', 19, Array)
#1 /var/www/diyshop/framework/yiisoft/yii2/base/View.php(325): require('/var/www/diysho...')
#2 /var/www/diyshop/framework/yiisoft/yii2/base/View.php(247): yii\base\View->renderPhpFile('/var/www/diysho...', Array)
#3 /var/www/diyshop/framework/yiisoft/yii2/base/View.php(149): yii\base\View->renderFile('/var/www/diysho...', Array, Object(home\widgets\Navi))
#4 /var/www/diyshop/framework/yiisoft/yii2/base/Widget.php(191): yii\base\View->render('navi', Array, Object(home\widgets\Navi))
#5 /var/www/diyshop/rebuild/apps/home/widgets/Navi.php(26): yii\base\Widget->render('navi', Array)
#6 /var/www/diyshop/framework/yiisoft/yii2/base/Widget.php(98): home\widgets\Navi->run()
#7 /var/www/diyshop/rebuild/apps/home/views/layouts/main.php(36): yii\base\Widget::widget()
#8 /var/www/diyshop/framework/yiisoft/yii2/base/View.php(325): require('/var/www/diysho...')
#9 /var/www/diyshop/framework/yiisoft/yii2/base/View.php(247): yii\base\View->renderPhpFile('/var/www/diysho...', Array)
#10 /var/www/diyshop/framework/yiisoft/yii2/base/Controller.php(386): yii\base\View->renderFile('/var/www/diysho...', Array, Object(home\controllers\ApiController))
#11 /var/www/diyshop/framework/yiisoft/yii2/base/Controller.php(372): yii\base\Controller->renderContent('<style type="te...')
#12 /var/www/diyshop/rebuild/apps/home/controllers/api/TestApi.php(101): yii\base\Controller->render('test', Array)
#13 [internal function]: home\controllers\ApiController->actionTest()
#14 /var/www/diyshop/framework/yiisoft/yii2/base/InlineAction.php(55): call_user_func_array(Array, Array)
#15 /var/www/diyshop/framework/yiisoft/yii2/base/Controller.php(151): yii\base\InlineAction->runWithParams(Array)
#16 /var/www/diyshop/framework/yiisoft/yii2/base/Module.php(455): yii\base\Controller->runAction('test', Array)
#17 /var/www/diyshop/framework/yiisoft/yii2/web/Application.php(84): yii\base\Module->runAction('api/test', Array)
#18 /var/www/diyshop/framework/yiisoft/yii2/base/Application.php(375): yii\web\Application->handleRequest(Object(yii\web\Request))
#19 /var/www/diyshop/rebuild/apps/home/web/index.php(4): yii\base\Application->run()
#20 {main}
message_end

file: /var/www/diyshop/rebuild/umeworld/lib/ErrorHandler.php
line: 25
request_url: http://www.diyshop.com/api/test.html

trace_start:
    in /var/www/diyshop/rebuild/umeworld/lib/ErrorHandler.php:25
    in /var/www/diyshop/rebuild/common/lib/ErrorHandler.php:25
trace_end

env_vars_start:

$_SERVER = [
	'HTTP_HOST' => 'www.diyshop.com',
	'REQUEST_URI' => '/api/test.html',
	'HTTP_REFERER' => '',
	'REQUEST_METHOD' => 'GET',
	'HTTP_USER_AGENT' => 'Mozilla/5.0 (Windows NT 6.1; WOW64) AppleWebKit/537.36 (KHTML, like Gecko) Chrome/52.0.2743.116 Safari/537.36',
]
env_vars_end
=================================LOG_END
LOG_START=================================
[time=2016-08-29 15:03:04] [192.168.0.175][-][-][level=error][category=yii\base\InvalidParamException] 
message_start
exception 'yii\base\InvalidParamException' with message '无效的用户ID' in /var/www/diyshop/rebuild/common/role/AuthManager.php:37
Stack trace:
#0 /var/www/diyshop/framework/yiisoft/yii2/web/User.php(661): common\role\AuthManager->checkAccess('2', 'vender', Array)
#1 /var/www/diyshop/framework/yiisoft/yii2/filters/AccessRule.php(152): yii\web\User->can('vender')
#2 /var/www/diyshop/framework/yiisoft/yii2/filters/AccessRule.php(104): yii\filters\AccessRule->matchRole(Object(common\role\Vender))
#3 /var/www/diyshop/framework/yiisoft/yii2/filters/AccessControl.php(118): yii\filters\AccessRule->allows(Object(yii\base\InlineAction), Object(common\role\Vender), Object(yii\web\Request))
#4 /var/www/diyshop/rebuild/common/filter/VenderAccessControl.php(45): yii\filters\AccessControl->beforeAction(Object(yii\base\InlineAction))
#5 /var/www/diyshop/framework/yiisoft/yii2/base/ActionFilter.php(71): common\filter\VenderAccessControl->beforeAction(Object(yii\base\InlineAction))
#6 [internal function]: yii\base\ActionFilter->beforeFilter(Object(yii\base\ActionEvent))
#7 /var/www/diyshop/framework/yiisoft/yii2/base/Component.php(541): call_user_func(Array, Object(yii\base\ActionEvent))
#8 /var/www/diyshop/framework/yiisoft/yii2/base/Controller.php(263): yii\base\Component->trigger('beforeAction', Object(yii\base\ActionEvent))
#9 /var/www/diyshop/framework/yiisoft/yii2/web/Controller.php(108): yii\base\Controller->beforeAction(Object(yii\base\InlineAction))
#10 /var/www/diyshop/framework/yiisoft/yii2/base/Controller.php(149): yii\web\Controller->beforeAction(Object(yii\base\InlineAction))
#11 /var/www/diyshop/framework/yiisoft/yii2/base/Module.php(455): yii\base\Controller->runAction('index', Array)
#12 /var/www/diyshop/framework/yiisoft/yii2/web/Application.php(84): yii\base\Module->runAction('vender/index', Array)
#13 /var/www/diyshop/framework/yiisoft/yii2/base/Application.php(375): yii\web\Application->handleRequest(Object(yii\web\Request))
#14 /var/www/diyshop/rebuild/apps/home/web/index.php(4): yii\base\Application->run()
#15 {main}
message_end

file: /var/www/diyshop/rebuild/umeworld/lib/ErrorHandler.php
line: 25
request_url: http://www.diyshop.com/vender/index.html

trace_start:
    in /var/www/diyshop/rebuild/umeworld/lib/ErrorHandler.php:25
    in /var/www/diyshop/rebuild/common/lib/ErrorHandler.php:25
trace_end

env_vars_start:
$_COOKIE = [
    '_csrf' => 'd3a152afb2aae822d29ed4708a425d5739e7547b23ba57044a56cf3bbd76c68ea:2:{i:0;s:5:\"_csrf\";i:1;s:32:\"bmCKdVUuBqCGJBb2jp3mFBM80StTTnxF\";}'
    'venderId' => '986LKh3toDM_e83ce_'
]


$_SERVER = [
	'HTTP_HOST' => 'www.diyshop.com',
	'REQUEST_URI' => '/vender/index.html',
	'HTTP_REFERER' => 'http://www.diyshop.com/vender/login.html',
	'REQUEST_METHOD' => 'GET',
	'HTTP_USER_AGENT' => 'Mozilla/5.0 (Windows NT 6.1; WOW64) AppleWebKit/537.36 (KHTML, like Gecko) Chrome/52.0.2743.116 Safari/537.36',
]
env_vars_end
=================================LOG_END
LOG_START=================================
[time=2016-08-29 15:03:16] [192.168.0.175][-][-][level=error][category=yii\base\InvalidParamException] 
message_start
exception 'yii\base\InvalidParamException' with message '无效的用户ID' in /var/www/diyshop/rebuild/common/role/AuthManager.php:37
Stack trace:
#0 /var/www/diyshop/framework/yiisoft/yii2/web/User.php(661): common\role\AuthManager->checkAccess('2', 'vender', Array)
#1 /var/www/diyshop/framework/yiisoft/yii2/filters/AccessRule.php(152): yii\web\User->can('vender')
#2 /var/www/diyshop/framework/yiisoft/yii2/filters/AccessRule.php(104): yii\filters\AccessRule->matchRole(Object(common\role\Vender))
#3 /var/www/diyshop/framework/yiisoft/yii2/filters/AccessControl.php(118): yii\filters\AccessRule->allows(Object(yii\base\InlineAction), Object(common\role\Vender), Object(yii\web\Request))
#4 /var/www/diyshop/rebuild/common/filter/VenderAccessControl.php(45): yii\filters\AccessControl->beforeAction(Object(yii\base\InlineAction))
#5 /var/www/diyshop/framework/yiisoft/yii2/base/ActionFilter.php(71): common\filter\VenderAccessControl->beforeAction(Object(yii\base\InlineAction))
#6 [internal function]: yii\base\ActionFilter->beforeFilter(Object(yii\base\ActionEvent))
#7 /var/www/diyshop/framework/yiisoft/yii2/base/Component.php(541): call_user_func(Array, Object(yii\base\ActionEvent))
#8 /var/www/diyshop/framework/yiisoft/yii2/base/Controller.php(263): yii\base\Component->trigger('beforeAction', Object(yii\base\ActionEvent))
#9 /var/www/diyshop/framework/yiisoft/yii2/web/Controller.php(108): yii\base\Controller->beforeAction(Object(yii\base\InlineAction))
#10 /var/www/diyshop/framework/yiisoft/yii2/base/Controller.php(149): yii\web\Controller->beforeAction(Object(yii\base\InlineAction))
#11 /var/www/diyshop/framework/yiisoft/yii2/base/Module.php(455): yii\base\Controller->runAction('index', Array)
#12 /var/www/diyshop/framework/yiisoft/yii2/web/Application.php(84): yii\base\Module->runAction('vender/index', Array)
#13 /var/www/diyshop/framework/yiisoft/yii2/base/Application.php(375): yii\web\Application->handleRequest(Object(yii\web\Request))
#14 /var/www/diyshop/rebuild/apps/home/web/index.php(4): yii\base\Application->run()
#15 {main}
message_end

file: /var/www/diyshop/rebuild/umeworld/lib/ErrorHandler.php
line: 25
request_url: http://www.diyshop.com/vender/index.html

trace_start:
    in /var/www/diyshop/rebuild/umeworld/lib/ErrorHandler.php:25
    in /var/www/diyshop/rebuild/common/lib/ErrorHandler.php:25
trace_end

env_vars_start:
$_COOKIE = [
    '_csrf' => 'd3a152afb2aae822d29ed4708a425d5739e7547b23ba57044a56cf3bbd76c68ea:2:{i:0;s:5:\"_csrf\";i:1;s:32:\"bmCKdVUuBqCGJBb2jp3mFBM80StTTnxF\";}'
    'venderId' => '986LKh3toDM_e83ce_'
]


$_SERVER = [
	'HTTP_HOST' => 'www.diyshop.com',
	'REQUEST_URI' => '/vender/index.html',
	'HTTP_REFERER' => 'http://www.diyshop.com/vender/login.html',
	'REQUEST_METHOD' => 'GET',
	'HTTP_USER_AGENT' => 'Mozilla/5.0 (Windows NT 6.1; WOW64) AppleWebKit/537.36 (KHTML, like Gecko) Chrome/52.0.2743.116 Safari/537.36',
]
env_vars_end
=================================LOG_END
LOG_START=================================
[time=2016-08-29 15:04:18] [192.168.0.175][-][-][level=error][category=yii\base\InvalidParamException] 
message_start
exception 'yii\base\InvalidParamException' with message '无效的用户ID' in /var/www/diyshop/rebuild/common/role/AuthManager.php:37
Stack trace:
#0 /var/www/diyshop/framework/yiisoft/yii2/web/User.php(661): common\role\AuthManager->checkAccess('2', 'vender', Array)
#1 /var/www/diyshop/framework/yiisoft/yii2/filters/AccessRule.php(152): yii\web\User->can('vender')
#2 /var/www/diyshop/framework/yiisoft/yii2/filters/AccessRule.php(104): yii\filters\AccessRule->matchRole(Object(common\role\Vender))
#3 /var/www/diyshop/framework/yiisoft/yii2/filters/AccessControl.php(118): yii\filters\AccessRule->allows(Object(yii\base\InlineAction), Object(common\role\Vender), Object(yii\web\Request))
#4 /var/www/diyshop/rebuild/common/filter/VenderAccessControl.php(45): yii\filters\AccessControl->beforeAction(Object(yii\base\InlineAction))
#5 /var/www/diyshop/framework/yiisoft/yii2/base/ActionFilter.php(71): common\filter\VenderAccessControl->beforeAction(Object(yii\base\InlineAction))
#6 [internal function]: yii\base\ActionFilter->beforeFilter(Object(yii\base\ActionEvent))
#7 /var/www/diyshop/framework/yiisoft/yii2/base/Component.php(541): call_user_func(Array, Object(yii\base\ActionEvent))
#8 /var/www/diyshop/framework/yiisoft/yii2/base/Controller.php(263): yii\base\Component->trigger('beforeAction', Object(yii\base\ActionEvent))
#9 /var/www/diyshop/framework/yiisoft/yii2/web/Controller.php(108): yii\base\Controller->beforeAction(Object(yii\base\InlineAction))
#10 /var/www/diyshop/framework/yiisoft/yii2/base/Controller.php(149): yii\web\Controller->beforeAction(Object(yii\base\InlineAction))
#11 /var/www/diyshop/framework/yiisoft/yii2/base/Module.php(455): yii\base\Controller->runAction('index', Array)
#12 /var/www/diyshop/framework/yiisoft/yii2/web/Application.php(84): yii\base\Module->runAction('vender/index', Array)
#13 /var/www/diyshop/framework/yiisoft/yii2/base/Application.php(375): yii\web\Application->handleRequest(Object(yii\web\Request))
#14 /var/www/diyshop/rebuild/apps/home/web/index.php(4): yii\base\Application->run()
#15 {main}
message_end

file: /var/www/diyshop/rebuild/umeworld/lib/ErrorHandler.php
line: 25
request_url: http://www.diyshop.com/vender/index.html

trace_start:
    in /var/www/diyshop/rebuild/umeworld/lib/ErrorHandler.php:25
    in /var/www/diyshop/rebuild/common/lib/ErrorHandler.php:25
trace_end

env_vars_start:
$_COOKIE = [
    '_csrf' => 'd3a152afb2aae822d29ed4708a425d5739e7547b23ba57044a56cf3bbd76c68ea:2:{i:0;s:5:\"_csrf\";i:1;s:32:\"bmCKdVUuBqCGJBb2jp3mFBM80StTTnxF\";}'
    'venderId' => '986LKh3toDM_e83ce_'
]


$_SERVER = [
	'HTTP_HOST' => 'www.diyshop.com',
	'REQUEST_URI' => '/vender/index.html',
	'HTTP_REFERER' => 'http://www.diyshop.com/vender/login.html',
	'REQUEST_METHOD' => 'GET',
	'HTTP_USER_AGENT' => 'Mozilla/5.0 (Windows NT 6.1; WOW64) AppleWebKit/537.36 (KHTML, like Gecko) Chrome/52.0.2743.116 Safari/537.36',
]
env_vars_end
=================================LOG_END
LOG_START=================================
[time=2016-08-29 15:05:38] [192.168.0.175][-][-][level=error][category=yii\base\InvalidParamException] 
message_start
exception 'yii\base\InvalidParamException' with message '无效的用户ID' in /var/www/diyshop/rebuild/common/role/AuthManager.php:37
Stack trace:
#0 /var/www/diyshop/framework/yiisoft/yii2/web/User.php(661): common\role\AuthManager->checkAccess('2', 'vender', Array)
#1 /var/www/diyshop/framework/yiisoft/yii2/filters/AccessRule.php(152): yii\web\User->can('vender')
#2 /var/www/diyshop/framework/yiisoft/yii2/filters/AccessRule.php(104): yii\filters\AccessRule->matchRole(Object(common\role\Vender))
#3 /var/www/diyshop/framework/yiisoft/yii2/filters/AccessControl.php(118): yii\filters\AccessRule->allows(Object(yii\base\InlineAction), Object(common\role\Vender), Object(yii\web\Request))
#4 /var/www/diyshop/rebuild/common/filter/VenderAccessControl.php(45): yii\filters\AccessControl->beforeAction(Object(yii\base\InlineAction))
#5 /var/www/diyshop/framework/yiisoft/yii2/base/ActionFilter.php(71): common\filter\VenderAccessControl->beforeAction(Object(yii\base\InlineAction))
#6 [internal function]: yii\base\ActionFilter->beforeFilter(Object(yii\base\ActionEvent))
#7 /var/www/diyshop/framework/yiisoft/yii2/base/Component.php(541): call_user_func(Array, Object(yii\base\ActionEvent))
#8 /var/www/diyshop/framework/yiisoft/yii2/base/Controller.php(263): yii\base\Component->trigger('beforeAction', Object(yii\base\ActionEvent))
#9 /var/www/diyshop/framework/yiisoft/yii2/web/Controller.php(108): yii\base\Controller->beforeAction(Object(yii\base\InlineAction))
#10 /var/www/diyshop/framework/yiisoft/yii2/base/Controller.php(149): yii\web\Controller->beforeAction(Object(yii\base\InlineAction))
#11 /var/www/diyshop/framework/yiisoft/yii2/base/Module.php(455): yii\base\Controller->runAction('index', Array)
#12 /var/www/diyshop/framework/yiisoft/yii2/web/Application.php(84): yii\base\Module->runAction('vender/index', Array)
#13 /var/www/diyshop/framework/yiisoft/yii2/base/Application.php(375): yii\web\Application->handleRequest(Object(yii\web\Request))
#14 /var/www/diyshop/rebuild/apps/home/web/index.php(4): yii\base\Application->run()
#15 {main}
message_end

file: /var/www/diyshop/rebuild/umeworld/lib/ErrorHandler.php
line: 25
request_url: http://www.diyshop.com/vender/index.html

trace_start:
    in /var/www/diyshop/rebuild/umeworld/lib/ErrorHandler.php:25
    in /var/www/diyshop/rebuild/common/lib/ErrorHandler.php:25
trace_end

env_vars_start:
$_COOKIE = [
    '_csrf' => 'd3a152afb2aae822d29ed4708a425d5739e7547b23ba57044a56cf3bbd76c68ea:2:{i:0;s:5:\"_csrf\";i:1;s:32:\"bmCKdVUuBqCGJBb2jp3mFBM80StTTnxF\";}'
    'venderId' => '986LKh3toDM_e83ce_'
]


$_SERVER = [
	'HTTP_HOST' => 'www.diyshop.com',
	'REQUEST_URI' => '/vender/index.html',
	'HTTP_REFERER' => 'http://www.diyshop.com/vender/login.html',
	'REQUEST_METHOD' => 'GET',
	'HTTP_USER_AGENT' => 'Mozilla/5.0 (Windows NT 6.1; WOW64) AppleWebKit/537.36 (KHTML, like Gecko) Chrome/52.0.2743.116 Safari/537.36',
]
env_vars_end
=================================LOG_END
LOG_START=================================
[time=2016-08-29 15:09:51] [192.168.0.175][-][-][level=error][category=yii\base\InvalidParamException] 
message_start
exception 'yii\base\InvalidParamException' with message '无效的用户ID' in /var/www/diyshop/rebuild/common/role/AuthManager.php:37
Stack trace:
#0 /var/www/diyshop/framework/yiisoft/yii2/web/User.php(661): common\role\AuthManager->checkAccess('2', 'vender', Array)
#1 /var/www/diyshop/framework/yiisoft/yii2/filters/AccessRule.php(152): yii\web\User->can('vender')
#2 /var/www/diyshop/framework/yiisoft/yii2/filters/AccessRule.php(104): yii\filters\AccessRule->matchRole(Object(common\role\Vender))
#3 /var/www/diyshop/framework/yiisoft/yii2/filters/AccessControl.php(118): yii\filters\AccessRule->allows(Object(yii\base\InlineAction), Object(common\role\Vender), Object(yii\web\Request))
#4 /var/www/diyshop/rebuild/common/filter/VenderAccessControl.php(45): yii\filters\AccessControl->beforeAction(Object(yii\base\InlineAction))
#5 /var/www/diyshop/framework/yiisoft/yii2/base/ActionFilter.php(71): common\filter\VenderAccessControl->beforeAction(Object(yii\base\InlineAction))
#6 [internal function]: yii\base\ActionFilter->beforeFilter(Object(yii\base\ActionEvent))
#7 /var/www/diyshop/framework/yiisoft/yii2/base/Component.php(541): call_user_func(Array, Object(yii\base\ActionEvent))
#8 /var/www/diyshop/framework/yiisoft/yii2/base/Controller.php(263): yii\base\Component->trigger('beforeAction', Object(yii\base\ActionEvent))
#9 /var/www/diyshop/framework/yiisoft/yii2/web/Controller.php(108): yii\base\Controller->beforeAction(Object(yii\base\InlineAction))
#10 /var/www/diyshop/framework/yiisoft/yii2/base/Controller.php(149): yii\web\Controller->beforeAction(Object(yii\base\InlineAction))
#11 /var/www/diyshop/framework/yiisoft/yii2/base/Module.php(455): yii\base\Controller->runAction('index', Array)
#12 /var/www/diyshop/framework/yiisoft/yii2/web/Application.php(84): yii\base\Module->runAction('vender/index', Array)
#13 /var/www/diyshop/framework/yiisoft/yii2/base/Application.php(375): yii\web\Application->handleRequest(Object(yii\web\Request))
#14 /var/www/diyshop/rebuild/apps/home/web/index.php(4): yii\base\Application->run()
#15 {main}
message_end

file: /var/www/diyshop/rebuild/umeworld/lib/ErrorHandler.php
line: 25
request_url: http://www.diyshop.com/vender/index.html

trace_start:
    in /var/www/diyshop/rebuild/umeworld/lib/ErrorHandler.php:25
    in /var/www/diyshop/rebuild/common/lib/ErrorHandler.php:25
trace_end

env_vars_start:
$_COOKIE = [
    '_csrf' => 'd3a152afb2aae822d29ed4708a425d5739e7547b23ba57044a56cf3bbd76c68ea:2:{i:0;s:5:\"_csrf\";i:1;s:32:\"bmCKdVUuBqCGJBb2jp3mFBM80StTTnxF\";}'
    'venderId' => '986LKh3toDM_e83ce_'
]


$_SERVER = [
	'HTTP_HOST' => 'www.diyshop.com',
	'REQUEST_URI' => '/vender/index.html',
	'HTTP_REFERER' => 'http://www.diyshop.com/vender/login.html',
	'REQUEST_METHOD' => 'GET',
	'HTTP_USER_AGENT' => 'Mozilla/5.0 (Windows NT 6.1; WOW64) AppleWebKit/537.36 (KHTML, like Gecko) Chrome/52.0.2743.116 Safari/537.36',
]
env_vars_end
=================================LOG_END
LOG_START=================================
[time=2016-08-29 15:13:05] [192.168.0.175][-][-][level=error][category=yii\base\InvalidParamException] 
message_start
exception 'yii\base\InvalidParamException' with message '无效的用户ID' in /var/www/diyshop/rebuild/common/role/AuthManager.php:37
Stack trace:
#0 /var/www/diyshop/framework/yiisoft/yii2/web/User.php(661): common\role\AuthManager->checkAccess('2', 'vender', Array)
#1 /var/www/diyshop/framework/yiisoft/yii2/filters/AccessRule.php(152): yii\web\User->can('vender')
#2 /var/www/diyshop/framework/yiisoft/yii2/filters/AccessRule.php(104): yii\filters\AccessRule->matchRole(Object(common\role\Vender))
#3 /var/www/diyshop/framework/yiisoft/yii2/filters/AccessControl.php(118): yii\filters\AccessRule->allows(Object(yii\base\InlineAction), Object(common\role\Vender), Object(yii\web\Request))
#4 /var/www/diyshop/rebuild/common/filter/VenderAccessControl.php(45): yii\filters\AccessControl->beforeAction(Object(yii\base\InlineAction))
#5 /var/www/diyshop/framework/yiisoft/yii2/base/ActionFilter.php(71): common\filter\VenderAccessControl->beforeAction(Object(yii\base\InlineAction))
#6 [internal function]: yii\base\ActionFilter->beforeFilter(Object(yii\base\ActionEvent))
#7 /var/www/diyshop/framework/yiisoft/yii2/base/Component.php(541): call_user_func(Array, Object(yii\base\ActionEvent))
#8 /var/www/diyshop/framework/yiisoft/yii2/base/Controller.php(263): yii\base\Component->trigger('beforeAction', Object(yii\base\ActionEvent))
#9 /var/www/diyshop/framework/yiisoft/yii2/web/Controller.php(108): yii\base\Controller->beforeAction(Object(yii\base\InlineAction))
#10 /var/www/diyshop/framework/yiisoft/yii2/base/Controller.php(149): yii\web\Controller->beforeAction(Object(yii\base\InlineAction))
#11 /var/www/diyshop/framework/yiisoft/yii2/base/Module.php(455): yii\base\Controller->runAction('index', Array)
#12 /var/www/diyshop/framework/yiisoft/yii2/web/Application.php(84): yii\base\Module->runAction('vender/index', Array)
#13 /var/www/diyshop/framework/yiisoft/yii2/base/Application.php(375): yii\web\Application->handleRequest(Object(yii\web\Request))
#14 /var/www/diyshop/rebuild/apps/home/web/index.php(4): yii\base\Application->run()
#15 {main}
message_end

file: /var/www/diyshop/rebuild/umeworld/lib/ErrorHandler.php
line: 25
request_url: http://www.diyshop.com/vender/index.html

trace_start:
    in /var/www/diyshop/rebuild/umeworld/lib/ErrorHandler.php:25
    in /var/www/diyshop/rebuild/common/lib/ErrorHandler.php:25
trace_end

env_vars_start:
$_COOKIE = [
    '_csrf' => 'd3a152afb2aae822d29ed4708a425d5739e7547b23ba57044a56cf3bbd76c68ea:2:{i:0;s:5:\"_csrf\";i:1;s:32:\"bmCKdVUuBqCGJBb2jp3mFBM80StTTnxF\";}'
    'venderId' => '986LKh3toDM_e83ce_'
]


$_SERVER = [
	'HTTP_HOST' => 'www.diyshop.com',
	'REQUEST_URI' => '/vender/index.html',
	'HTTP_REFERER' => 'http://www.diyshop.com/vender/login.html',
	'REQUEST_METHOD' => 'GET',
	'HTTP_USER_AGENT' => 'Mozilla/5.0 (Windows NT 6.1; WOW64) AppleWebKit/537.36 (KHTML, like Gecko) Chrome/52.0.2743.116 Safari/537.36',
]
env_vars_end
=================================LOG_END
LOG_START=================================
[time=2016-08-29 16:50:11] [192.168.0.175][-][-][level=error][category=yii\base\ErrorException:1] 
message_start
exception 'yii\base\ErrorException' with message 'Class 'home\controllers\api\DressSizeColorCount' not found' in /var/www/diyshop/rebuild/apps/home/controllers/api/OrderApi.php:16
Stack trace:
#0 [internal function]: yii\base\ErrorHandler->handleFatalError()
#1 {main}
message_end

file: /var/www/diyshop/rebuild/umeworld/lib/ErrorHandler.php
line: 25
request_url: http://www.diyshop.com/api.json

trace_start:
    in /var/www/diyshop/rebuild/umeworld/lib/ErrorHandler.php:25
    in /var/www/diyshop/rebuild/common/lib/ErrorHandler.php:25
trace_end

env_vars_start:
$_POST = [
    'version' => '1.0.0'
    'timestamp' => '2016-08-29 16:50:08'
    'app_code' => 'ios_diyshop'
    'token' => 'a8567d2c46e981aaf47584945afd20ad'
    'api_name' => 'createOrder'
    'user_token' => 'ufR21YjhDm_ugsadu_AfXKQBtPHMg_e83ce__e83ce_'
    'aOrderInfo' => [
        0 => [
            'dress_id' => '1'
            'dress_size_color_count_id' => '22'
            'count' => '2'
        ]
        1 => [
            'dress_id' => '2'
            'dress_size_color_count_id' => '28'
            'count' => '1'
        ]
        2 => [
            'dress_id' => '3'
            'dress_size_color_count_id' => '30'
            'count' => '1'
        ]
    ]
    '_csrf' => 'ME9SUlRTN1JSIhEZMAViJ3I.ERUeEVVgWj9hPxIRemoAHCYGAD1PFA=='
]

$_COOKIE = [
    '_csrf' => 'd3a152afb2aae822d29ed4708a425d5739e7547b23ba57044a56cf3bbd76c68ea:2:{i:0;s:5:\"_csrf\";i:1;s:32:\"bmCKdVUuBqCGJBb2jp3mFBM80StTTnxF\";}'
    'venderId' => 'T2aJb2L68_ugsadu_w_e83ce_'
]


$_SERVER = [
	'HTTP_HOST' => 'www.diyshop.com',
	'REQUEST_URI' => '/api.json',
	'HTTP_REFERER' => 'http://www.diyshop.com/api/test.html',
	'REQUEST_METHOD' => 'POST',
	'HTTP_USER_AGENT' => 'Mozilla/5.0 (Windows NT 6.1; WOW64) AppleWebKit/537.36 (KHTML, like Gecko) Chrome/52.0.2743.116 Safari/537.36',
]
env_vars_end
=================================LOG_END
