LOG_START=================================
[time=2016-04-27 14:21:00] [192.168.0.175][-][-][level=error][category=yii\base\ErrorException:8] 
message_start
exception 'yii\base\ErrorException' with message 'Undefined variable: aVenderList' in /var/www/diyshop/rebuild/apps/home/views/dress-catalog/show-list.php:42
Stack trace:
#0 /var/www/diyshop/rebuild/apps/home/views/dress-catalog/show-list.php(42): yii\base\ErrorHandler->handleError(8, 'Undefined varia...', '/var/www/diysho...', 42, Array)
#1 /var/www/diyshop/framework/yiisoft/yii2/base/View.php(325): require('/var/www/diysho...')
#2 /var/www/diyshop/framework/yiisoft/yii2/base/View.php(247): yii\base\View->renderPhpFile('/var/www/diysho...', Array)
#3 /var/www/diyshop/framework/yiisoft/yii2/base/View.php(149): yii\base\View->renderFile('/var/www/diysho...', Array, Object(home\controllers\DressCatalogController))
#4 /var/www/diyshop/framework/yiisoft/yii2/base/Controller.php(371): yii\base\View->render('show-list', Array, Object(home\controllers\DressCatalogController))
#5 /var/www/diyshop/rebuild/apps/home/controllers/DressCatalogController.php(15): yii\base\Controller->render('show-list', Array)
#6 [internal function]: home\controllers\DressCatalogController->actionShowList()
#7 /var/www/diyshop/framework/yiisoft/yii2/base/InlineAction.php(55): call_user_func_array(Array, Array)
#8 /var/www/diyshop/framework/yiisoft/yii2/base/Controller.php(151): yii\base\InlineAction->runWithParams(Array)
#9 /var/www/diyshop/framework/yiisoft/yii2/base/Module.php(455): yii\base\Controller->runAction('show-list', Array)
#10 /var/www/diyshop/framework/yiisoft/yii2/web/Application.php(84): yii\base\Module->runAction('dress-catalog/s...', Array)
#11 /var/www/diyshop/framework/yiisoft/yii2/base/Application.php(375): yii\web\Application->handleRequest(Object(yii\web\Request))
#12 /var/www/diyshop/rebuild/apps/home/web/index.php(4): yii\base\Application->run()
#13 {main}
message_end

file: /var/www/diyshop/rebuild/umeworld/lib/ErrorHandler.php
line: 25
request_url: http://www.diyshop.com/dress-catalog/show-list.html

trace_start:
    in /var/www/diyshop/rebuild/umeworld/lib/ErrorHandler.php:25
    in /var/www/diyshop/rebuild/common/lib/ErrorHandler.php:26
trace_end

env_vars_start:
$_COOKIE = [
    '_csrf' => 'f61316471ff850e692e52a52375e295e6481a5f3728c2c2bb1c0309c9f062aeda:2:{i:0;s:5:\"_csrf\";i:1;s:32:\"fdmlkHXbYoRB5x9To7sxpSxOTObU0VLj\";}'
    'managerId' => 'T2aJb2L68_ugsadu_w_e83ce_'
]


$_SERVER = [
	'HTTP_HOST' => 'www.diyshop.com',
	'REQUEST_URI' => '/dress-catalog/show-list.html',
	'HTTP_REFERER' => 'http://www.diyshop.com/vender-manage/show-list.html',
	'REQUEST_METHOD' => 'GET',
	'HTTP_USER_AGENT' => 'Mozilla/5.0 (Windows NT 6.1; WOW64) AppleWebKit/537.36 (KHTML, like Gecko) Chrome/49.0.2623.87 Safari/537.36',
]
env_vars_end
=================================LOG_END
LOG_START=================================
[time=2016-04-27 15:22:25] [192.168.0.175][-][-][level=error][category=yii\base\InvalidParamException] 
message_start
exception 'yii\base\InvalidParamException' with message 'The view file does not exist: /var/www/diyshop/rebuild/apps/home/views/vender-manage/show-edit.php' in /var/www/diyshop/framework/yiisoft/yii2/base/View.php:226
Stack trace:
#0 /var/www/diyshop/framework/yiisoft/yii2/base/View.php(149): yii\base\View->renderFile('/var/www/diysho...', Array, Object(home\controllers\VenderManageController))
#1 /var/www/diyshop/framework/yiisoft/yii2/base/Controller.php(371): yii\base\View->render('show-edit', Array, Object(home\controllers\VenderManageController))
#2 /var/www/diyshop/rebuild/apps/home/controllers/VenderManageController.php(28): yii\base\Controller->render('show-edit', Array)
#3 [internal function]: home\controllers\VenderManageController->actionShowEdit()
#4 /var/www/diyshop/framework/yiisoft/yii2/base/InlineAction.php(55): call_user_func_array(Array, Array)
#5 /var/www/diyshop/framework/yiisoft/yii2/base/Controller.php(151): yii\base\InlineAction->runWithParams(Array)
#6 /var/www/diyshop/framework/yiisoft/yii2/base/Module.php(455): yii\base\Controller->runAction('show-edit', Array)
#7 /var/www/diyshop/framework/yiisoft/yii2/web/Application.php(84): yii\base\Module->runAction('vender-manage/s...', Array)
#8 /var/www/diyshop/framework/yiisoft/yii2/base/Application.php(375): yii\web\Application->handleRequest(Object(yii\web\Request))
#9 /var/www/diyshop/rebuild/apps/home/web/index.php(4): yii\base\Application->run()
#10 {main}
message_end

file: /var/www/diyshop/rebuild/umeworld/lib/ErrorHandler.php
line: 25
request_url: http://www.diyshop.com/vender-manage/show-edit.html

trace_start:
    in /var/www/diyshop/rebuild/umeworld/lib/ErrorHandler.php:25
    in /var/www/diyshop/rebuild/common/lib/ErrorHandler.php:26
trace_end

env_vars_start:
$_COOKIE = [
    '_csrf' => 'f61316471ff850e692e52a52375e295e6481a5f3728c2c2bb1c0309c9f062aeda:2:{i:0;s:5:\"_csrf\";i:1;s:32:\"fdmlkHXbYoRB5x9To7sxpSxOTObU0VLj\";}'
    'managerId' => 'T2aJb2L68_ugsadu_w_e83ce_'
]


$_SERVER = [
	'HTTP_HOST' => 'www.diyshop.com',
	'REQUEST_URI' => '/vender-manage/show-edit.html',
	'HTTP_REFERER' => 'http://www.diyshop.com/dress-catalog/show-list.html',
	'REQUEST_METHOD' => 'GET',
	'HTTP_USER_AGENT' => 'Mozilla/5.0 (Windows NT 6.1; WOW64) AppleWebKit/537.36 (KHTML, like Gecko) Chrome/49.0.2623.87 Safari/537.36',
]
env_vars_end
=================================LOG_END
LOG_START=================================
[time=2016-04-27 15:22:48] [192.168.0.175][-][-][level=error][category=yii\base\InvalidParamException] 
message_start
exception 'yii\base\InvalidParamException' with message 'The view file does not exist: /var/www/diyshop/rebuild/apps/home/views/vender-manage/show-edit.php' in /var/www/diyshop/framework/yiisoft/yii2/base/View.php:226
Stack trace:
#0 /var/www/diyshop/framework/yiisoft/yii2/base/View.php(149): yii\base\View->renderFile('/var/www/diysho...', Array, Object(home\controllers\VenderManageController))
#1 /var/www/diyshop/framework/yiisoft/yii2/base/Controller.php(371): yii\base\View->render('show-edit', Array, Object(home\controllers\VenderManageController))
#2 /var/www/diyshop/rebuild/apps/home/controllers/VenderManageController.php(28): yii\base\Controller->render('show-edit', Array)
#3 [internal function]: home\controllers\VenderManageController->actionShowEdit()
#4 /var/www/diyshop/framework/yiisoft/yii2/base/InlineAction.php(55): call_user_func_array(Array, Array)
#5 /var/www/diyshop/framework/yiisoft/yii2/base/Controller.php(151): yii\base\InlineAction->runWithParams(Array)
#6 /var/www/diyshop/framework/yiisoft/yii2/base/Module.php(455): yii\base\Controller->runAction('show-edit', Array)
#7 /var/www/diyshop/framework/yiisoft/yii2/web/Application.php(84): yii\base\Module->runAction('vender-manage/s...', Array)
#8 /var/www/diyshop/framework/yiisoft/yii2/base/Application.php(375): yii\web\Application->handleRequest(Object(yii\web\Request))
#9 /var/www/diyshop/rebuild/apps/home/web/index.php(4): yii\base\Application->run()
#10 {main}
message_end

file: /var/www/diyshop/rebuild/umeworld/lib/ErrorHandler.php
line: 25
request_url: http://www.diyshop.com/vender-manage/show-edit.html

trace_start:
    in /var/www/diyshop/rebuild/umeworld/lib/ErrorHandler.php:25
    in /var/www/diyshop/rebuild/common/lib/ErrorHandler.php:26
trace_end

env_vars_start:
$_COOKIE = [
    '_csrf' => 'f61316471ff850e692e52a52375e295e6481a5f3728c2c2bb1c0309c9f062aeda:2:{i:0;s:5:\"_csrf\";i:1;s:32:\"fdmlkHXbYoRB5x9To7sxpSxOTObU0VLj\";}'
    'managerId' => 'T2aJb2L68_ugsadu_w_e83ce_'
]


$_SERVER = [
	'HTTP_HOST' => 'www.diyshop.com',
	'REQUEST_URI' => '/vender-manage/show-edit.html',
	'HTTP_REFERER' => 'http://www.diyshop.com/dress-catalog/show-list.html',
	'REQUEST_METHOD' => 'GET',
	'HTTP_USER_AGENT' => 'Mozilla/5.0 (Windows NT 6.1; WOW64) AppleWebKit/537.36 (KHTML, like Gecko) Chrome/49.0.2623.87 Safari/537.36',
]
env_vars_end
=================================LOG_END
LOG_START=================================
[time=2016-04-27 16:13:28] [192.168.0.175][-][-][level=error][category=yii\base\ErrorException:4] 
message_start
exception 'yii\base\ErrorException' with message 'syntax error, unexpected 'if' (T_IF)' in /var/www/diyshop/rebuild/apps/home/controllers/DressCatalogController.php:24
Stack trace:
#0 [internal function]: yii\base\ErrorHandler->handleFatalError()
#1 {main}
message_end

file: /var/www/diyshop/rebuild/umeworld/lib/ErrorHandler.php
line: 25
request_url: http://www.diyshop.com/dress-catalog/show-edit.html?id=1

trace_start:
    in /var/www/diyshop/rebuild/umeworld/lib/ErrorHandler.php:25
    in /var/www/diyshop/rebuild/common/lib/ErrorHandler.php:26
trace_end

env_vars_start:
$_GET = [
    'id' => '1'
]

$_COOKIE = [
    '_csrf' => 'f61316471ff850e692e52a52375e295e6481a5f3728c2c2bb1c0309c9f062aeda:2:{i:0;s:5:\"_csrf\";i:1;s:32:\"fdmlkHXbYoRB5x9To7sxpSxOTObU0VLj\";}'
    'managerId' => 'T2aJb2L68_ugsadu_w_e83ce_'
]


$_SERVER = [
	'HTTP_HOST' => 'www.diyshop.com',
	'REQUEST_URI' => '/dress-catalog/show-edit.html?id=1',
	'HTTP_REFERER' => 'http://www.diyshop.com/dress-catalog/show-list.html',
	'REQUEST_METHOD' => 'GET',
	'HTTP_USER_AGENT' => 'Mozilla/5.0 (Windows NT 6.1; WOW64) AppleWebKit/537.36 (KHTML, like Gecko) Chrome/49.0.2623.87 Safari/537.36',
]
env_vars_end
=================================LOG_END
LOG_START=================================
[time=2016-04-27 16:28:39] [192.168.0.175][-][-][level=error][category=yii\base\InvalidParamException] 
message_start
exception 'yii\base\InvalidParamException' with message 'The view file does not exist: /var/www/diyshop/rebuild/apps/home/views/vender-manage/show-edit.php' in /var/www/diyshop/framework/yiisoft/yii2/base/View.php:226
Stack trace:
#0 /var/www/diyshop/framework/yiisoft/yii2/base/View.php(149): yii\base\View->renderFile('/var/www/diysho...', Array, Object(home\controllers\VenderManageController))
#1 /var/www/diyshop/framework/yiisoft/yii2/base/Controller.php(371): yii\base\View->render('show-edit', Array, Object(home\controllers\VenderManageController))
#2 /var/www/diyshop/rebuild/apps/home/controllers/VenderManageController.php(28): yii\base\Controller->render('show-edit', Array)
#3 [internal function]: home\controllers\VenderManageController->actionShowEdit()
#4 /var/www/diyshop/framework/yiisoft/yii2/base/InlineAction.php(55): call_user_func_array(Array, Array)
#5 /var/www/diyshop/framework/yiisoft/yii2/base/Controller.php(151): yii\base\InlineAction->runWithParams(Array)
#6 /var/www/diyshop/framework/yiisoft/yii2/base/Module.php(455): yii\base\Controller->runAction('show-edit', Array)
#7 /var/www/diyshop/framework/yiisoft/yii2/web/Application.php(84): yii\base\Module->runAction('vender-manage/s...', Array)
#8 /var/www/diyshop/framework/yiisoft/yii2/base/Application.php(375): yii\web\Application->handleRequest(Object(yii\web\Request))
#9 /var/www/diyshop/rebuild/apps/home/web/index.php(4): yii\base\Application->run()
#10 {main}
message_end

file: /var/www/diyshop/rebuild/umeworld/lib/ErrorHandler.php
line: 25
request_url: http://www.diyshop.com/vender-manage/show-edit.html

trace_start:
    in /var/www/diyshop/rebuild/umeworld/lib/ErrorHandler.php:25
    in /var/www/diyshop/rebuild/common/lib/ErrorHandler.php:26
trace_end

env_vars_start:
$_COOKIE = [
    '_csrf' => 'f61316471ff850e692e52a52375e295e6481a5f3728c2c2bb1c0309c9f062aeda:2:{i:0;s:5:\"_csrf\";i:1;s:32:\"fdmlkHXbYoRB5x9To7sxpSxOTObU0VLj\";}'
    'managerId' => 'T2aJb2L68_ugsadu_w_e83ce_'
]


$_SERVER = [
	'HTTP_HOST' => 'www.diyshop.com',
	'REQUEST_URI' => '/vender-manage/show-edit.html',
	'HTTP_REFERER' => 'http://www.diyshop.com/vender-manage/show-list.html',
	'REQUEST_METHOD' => 'GET',
	'HTTP_USER_AGENT' => 'Mozilla/5.0 (Windows NT 6.1; WOW64) AppleWebKit/537.36 (KHTML, like Gecko) Chrome/49.0.2623.87 Safari/537.36',
]
env_vars_end
=================================LOG_END
LOG_START=================================
[time=2016-04-27 17:44:09] [192.168.0.175][-][-][level=error][category=yii\base\ErrorException:1] 
message_start
exception 'yii\base\ErrorException' with message 'Class 'home\controllers\PhoneValidator' not found' in /var/www/diyshop/rebuild/apps/home/controllers/VenderManageController.php:60
Stack trace:
#0 [internal function]: yii\base\ErrorHandler->handleFatalError()
#1 {main}
message_end

file: /var/www/diyshop/rebuild/umeworld/lib/ErrorHandler.php
line: 25
request_url: http://www.diyshop.com/vender-manage/save.json

trace_start:
    in /var/www/diyshop/rebuild/umeworld/lib/ErrorHandler.php:25
    in /var/www/diyshop/rebuild/common/lib/ErrorHandler.php:26
trace_end

env_vars_start:
$_POST = [
    'id' => '1'
    'name' => '以纯厂商'
    'userName' => 'peter'
    'mobile' => '15012121551'
    'email' => '45855@qq.com'
    'companyCode' => 'asfsdfdfd'
    'password' => ''
    '_csrf' => 'a1g0bll4eS4NPFkCMjAhTDI3ZixsAEB6BG9HFikrAWE/F1Y7aS41RA=='
]

$_COOKIE = [
    '_csrf' => 'f61316471ff850e692e52a52375e295e6481a5f3728c2c2bb1c0309c9f062aeda:2:{i:0;s:5:\"_csrf\";i:1;s:32:\"fdmlkHXbYoRB5x9To7sxpSxOTObU0VLj\";}'
    'managerId' => 'T2aJb2L68_ugsadu_w_e83ce_'
]


$_SERVER = [
	'HTTP_HOST' => 'www.diyshop.com',
	'REQUEST_URI' => '/vender-manage/save.json',
	'HTTP_REFERER' => 'http://www.diyshop.com/vender-manage/show-edit.html?id=1',
	'REQUEST_METHOD' => 'POST',
	'HTTP_USER_AGENT' => 'Mozilla/5.0 (Windows NT 6.1; WOW64) AppleWebKit/537.36 (KHTML, like Gecko) Chrome/49.0.2623.87 Safari/537.36',
]
env_vars_end
=================================LOG_END
