LOG_START=================================
[time=2016-05-03 10:30:07] [192.168.0.175][-][-][level=error][category=yii\db\Exception:42] 
message_start
exception 'PDOException' with message 'SQLSTATE[42S22]: Column not found: 1054 Unknown column 'is_show' in 'field list'' in /var/www/diyshop/framework/yiisoft/yii2/db/Command.php:781
Stack trace:
#0 /var/www/diyshop/framework/yiisoft/yii2/db/Command.php(781): PDOStatement->execute()
#1 /var/www/diyshop/rebuild/umeworld/lib/DbCommand.php(20): yii\db\Command->execute()
#2 /var/www/diyshop/rebuild/common/lib/DbOrmModel.php(266): umeworld\lib\DbCommand->execute()
#3 /var/www/diyshop/rebuild/apps/home/controllers/DressManageController.php(72): common\lib\DbOrmModel::insert(Array)
#4 [internal function]: home\controllers\DressManageController->actionSave()
#5 /var/www/diyshop/framework/yiisoft/yii2/base/InlineAction.php(55): call_user_func_array(Array, Array)
#6 /var/www/diyshop/framework/yiisoft/yii2/base/Controller.php(151): yii\base\InlineAction->runWithParams(Array)
#7 /var/www/diyshop/framework/yiisoft/yii2/base/Module.php(455): yii\base\Controller->runAction('save', Array)
#8 /var/www/diyshop/framework/yiisoft/yii2/web/Application.php(84): yii\base\Module->runAction('dress-manage/sa...', Array)
#9 /var/www/diyshop/framework/yiisoft/yii2/base/Application.php(375): yii\web\Application->handleRequest(Object(yii\web\Request))
#10 /var/www/diyshop/rebuild/apps/home/web/index.php(4): yii\base\Application->run()
#11 {main}

Next exception 'yii\db\Exception' with message 'SQLSTATE[42S22]: Column not found: 1054 Unknown column 'is_show' in 'field list'
The SQL being executed was: INSERT INTO `dress` (`name`, `is_show`) VALUES ('ffff', 0)' in /var/www/diyshop/framework/yiisoft/yii2/db/Schema.php:628
Stack trace:
#0 /var/www/diyshop/framework/yiisoft/yii2/db/Command.php(791): yii\db\Schema->convertException(Object(PDOException), 'INSERT INTO `dr...')
#1 /var/www/diyshop/rebuild/umeworld/lib/DbCommand.php(20): yii\db\Command->execute()
#2 /var/www/diyshop/rebuild/common/lib/DbOrmModel.php(266): umeworld\lib\DbCommand->execute()
#3 /var/www/diyshop/rebuild/apps/home/controllers/DressManageController.php(72): common\lib\DbOrmModel::insert(Array)
#4 [internal function]: home\controllers\DressManageController->actionSave()
#5 /var/www/diyshop/framework/yiisoft/yii2/base/InlineAction.php(55): call_user_func_array(Array, Array)
#6 /var/www/diyshop/framework/yiisoft/yii2/base/Controller.php(151): yii\base\InlineAction->runWithParams(Array)
#7 /var/www/diyshop/framework/yiisoft/yii2/base/Module.php(455): yii\base\Controller->runAction('save', Array)
#8 /var/www/diyshop/framework/yiisoft/yii2/web/Application.php(84): yii\base\Module->runAction('dress-manage/sa...', Array)
#9 /var/www/diyshop/framework/yiisoft/yii2/base/Application.php(375): yii\web\Application->handleRequest(Object(yii\web\Request))
#10 /var/www/diyshop/rebuild/apps/home/web/index.php(4): yii\base\Application->run()
#11 {main}
Additional Information:
Array
(
    [0] => 42S22
    [1] => 1054
    [2] => Unknown column 'is_show' in 'field list'
)

message_end

file: /var/www/diyshop/rebuild/umeworld/lib/ErrorHandler.php
line: 25
request_url: http://www.diyshop.com/dress-manage/save.json

trace_start:
    in /var/www/diyshop/rebuild/umeworld/lib/ErrorHandler.php:25
    in /var/www/diyshop/rebuild/common/lib/ErrorHandler.php:25
trace_end

env_vars_start:
$_POST = [
    'id' => ''
    'name' => 'ffff'
    'catalogId' => '1'
    'price' => '6'
    'status' => '2'
    'aSizeColorCount' => [
        0 => [
            'size' => 'f'
            'color' => 'f'
            'count' => 'f'
        ]
    ]
    '_csrf' => 'aHpxSXR4LU0YGD8rBBZgFRoLKyhNFGE4PzkwHT0aankhE0QfAUlsBw=='
]

$_COOKIE = [
    '_csrf' => '95aef2f2e258d0a33000b0d38c4e521f34a1dd3e56a6e5fef04fc838e7d2884ba:2:{i:0;s:5:\"_csrf\";i:1;s:32:\"pbNbpnMXrqZa9lLuWCATIbG4Ii5Vu1AJ\";}'
    'venderId' => 'T2aJb2L68_ugsadu_w_e83ce_'
]


$_SERVER = [
	'HTTP_HOST' => 'www.diyshop.com',
	'REQUEST_URI' => '/dress-manage/save.json',
	'HTTP_REFERER' => 'http://www.diyshop.com/dress-manage/show-edit.html',
	'REQUEST_METHOD' => 'POST',
	'HTTP_USER_AGENT' => 'Mozilla/5.0 (Windows NT 6.1; WOW64) AppleWebKit/537.36 (KHTML, like Gecko) Chrome/49.0.2623.87 Safari/537.36',
]
env_vars_end
=================================LOG_END
LOG_START=================================
[time=2016-05-03 11:14:00] [192.168.0.175][-][-][level=error][category=yii\base\ErrorException:8] 
message_start
exception 'yii\base\ErrorException' with message 'Undefined offset: 0' in /var/www/diyshop/framework/yiisoft/yii2/db/Command.php:327
Stack trace:
#0 /var/www/diyshop/framework/yiisoft/yii2/db/Command.php(327): yii\base\ErrorHandler->handleError(8, 'Undefined offse...', '/var/www/diysho...', 327, Array)
#1 /var/www/diyshop/framework/yiisoft/yii2/db/Command.php(429): yii\db\Command->bindValues(Array)
#2 /var/www/diyshop/rebuild/common/model/Dress.php(83): yii\db\Command->insert('dress_size_colo...', Array)
#3 /var/www/diyshop/rebuild/apps/home/controllers/DressManageController.php(125): common\model\Dress->saveSizeColorCount(Array)
#4 [internal function]: home\controllers\DressManageController->actionSave()
#5 /var/www/diyshop/framework/yiisoft/yii2/base/InlineAction.php(55): call_user_func_array(Array, Array)
#6 /var/www/diyshop/framework/yiisoft/yii2/base/Controller.php(151): yii\base\InlineAction->runWithParams(Array)
#7 /var/www/diyshop/framework/yiisoft/yii2/base/Module.php(455): yii\base\Controller->runAction('save', Array)
#8 /var/www/diyshop/framework/yiisoft/yii2/web/Application.php(84): yii\base\Module->runAction('dress-manage/sa...', Array)
#9 /var/www/diyshop/framework/yiisoft/yii2/base/Application.php(375): yii\web\Application->handleRequest(Object(yii\web\Request))
#10 /var/www/diyshop/rebuild/apps/home/web/index.php(4): yii\base\Application->run()
#11 {main}
message_end

file: /var/www/diyshop/rebuild/umeworld/lib/ErrorHandler.php
line: 25
request_url: http://www.diyshop.com/dress-manage/save.json

trace_start:
    in /var/www/diyshop/rebuild/umeworld/lib/ErrorHandler.php:25
    in /var/www/diyshop/rebuild/common/lib/ErrorHandler.php:25
trace_end

env_vars_start:
$_POST = [
    'id' => ''
    'name' => '测试服饰1'
    'catalogId' => '1'
    'price' => '50'
    'status' => '2'
    'aSizeColorCount' => [
        0 => [
            'size' => 'S'
            'color' => '白'
            'count' => '1'
        ]
        1 => [
            'size' => 'S'
            'color' => '黑'
            'count' => '2'
        ]
        2 => [
            'size' => 'M'
            'color' => '白'
            'count' => '3'
        ]
        3 => [
            'size' => 'M'
            'color' => '黑'
            'count' => '4'
        ]
        4 => [
            'size' => 'L'
            'color' => '白'
            'count' => '5'
        ]
        5 => [
            'size' => 'L'
            'color' => '黑'
            'count' => '6'
        ]
    ]
    'aTag' => [
        0 => '夹克'
        1 => '秋冬'
    ]
    'aPics' => [
        0 => '/static/data/dress/48/7ea7a7c4e8d0a986a34d1bec0b85b88c.jpeg'
        1 => '/static/data/dress/67/863840619527ceecba13b58b9b8a8186.jpeg'
    ]
    '_csrf' => 'eUIyQ3dDY24JIHwhBy0uNgszaCJOLy8bLgFzFz4hJFowKwcVAnIiJA=='
]

$_COOKIE = [
    '_csrf' => '95aef2f2e258d0a33000b0d38c4e521f34a1dd3e56a6e5fef04fc838e7d2884ba:2:{i:0;s:5:\"_csrf\";i:1;s:32:\"pbNbpnMXrqZa9lLuWCATIbG4Ii5Vu1AJ\";}'
    'venderId' => 'T2aJb2L68_ugsadu_w_e83ce_'
]


$_SERVER = [
	'HTTP_HOST' => 'www.diyshop.com',
	'REQUEST_URI' => '/dress-manage/save.json',
	'HTTP_REFERER' => 'http://www.diyshop.com/dress-manage/show-edit.html',
	'REQUEST_METHOD' => 'POST',
	'HTTP_USER_AGENT' => 'Mozilla/5.0 (Windows NT 6.1; WOW64) AppleWebKit/537.36 (KHTML, like Gecko) Chrome/49.0.2623.87 Safari/537.36',
]
env_vars_end
=================================LOG_END
LOG_START=================================
[time=2016-05-03 11:23:03] [192.168.0.175][-][-][level=error][category=yii\base\ErrorException:8] 
message_start
exception 'yii\base\ErrorException' with message 'Undefined variable: aValue' in /var/www/diyshop/rebuild/common/model/Dress.php:89
Stack trace:
#0 /var/www/diyshop/rebuild/common/model/Dress.php(89): yii\base\ErrorHandler->handleError(8, 'Undefined varia...', '/var/www/diysho...', 89, Array)
#1 /var/www/diyshop/rebuild/apps/home/controllers/DressManageController.php(128): common\model\Dress->saveTag(Array)
#2 [internal function]: home\controllers\DressManageController->actionSave()
#3 /var/www/diyshop/framework/yiisoft/yii2/base/InlineAction.php(55): call_user_func_array(Array, Array)
#4 /var/www/diyshop/framework/yiisoft/yii2/base/Controller.php(151): yii\base\InlineAction->runWithParams(Array)
#5 /var/www/diyshop/framework/yiisoft/yii2/base/Module.php(455): yii\base\Controller->runAction('save', Array)
#6 /var/www/diyshop/framework/yiisoft/yii2/web/Application.php(84): yii\base\Module->runAction('dress-manage/sa...', Array)
#7 /var/www/diyshop/framework/yiisoft/yii2/base/Application.php(375): yii\web\Application->handleRequest(Object(yii\web\Request))
#8 /var/www/diyshop/rebuild/apps/home/web/index.php(4): yii\base\Application->run()
#9 {main}
message_end

file: /var/www/diyshop/rebuild/umeworld/lib/ErrorHandler.php
line: 25
request_url: http://www.diyshop.com/dress-manage/save.json

trace_start:
    in /var/www/diyshop/rebuild/umeworld/lib/ErrorHandler.php:25
    in /var/www/diyshop/rebuild/common/lib/ErrorHandler.php:25
trace_end

env_vars_start:
$_POST = [
    'id' => ''
    'name' => '测试服饰1'
    'catalogId' => '1'
    'price' => '50'
    'status' => '2'
    'aSizeColorCount' => [
        0 => [
            'size' => 'S'
            'color' => '白'
            'count' => '1'
        ]
        1 => [
            'size' => 'S'
            'color' => '黑'
            'count' => '2'
        ]
        2 => [
            'size' => 'M'
            'color' => '白'
            'count' => '3'
        ]
        3 => [
            'size' => 'M'
            'color' => '黑'
            'count' => '4'
        ]
        4 => [
            'size' => 'L'
            'color' => '白'
            'count' => '5'
        ]
        5 => [
            'size' => 'L'
            'color' => '黑'
            'count' => '6'
        ]
    ]
    'aTag' => [
        0 => '夹克'
        1 => '秋冬'
    ]
    'aPics' => [
        0 => '/static/data/dress/48/7ea7a7c4e8d0a986a34d1bec0b85b88c.jpeg'
        1 => '/static/data/dress/67/863840619527ceecba13b58b9b8a8186.jpeg'
    ]
    '_csrf' => 'eUIyQ3dDY24JIHwhBy0uNgszaCJOLy8bLgFzFz4hJFowKwcVAnIiJA=='
]

$_COOKIE = [
    '_csrf' => '95aef2f2e258d0a33000b0d38c4e521f34a1dd3e56a6e5fef04fc838e7d2884ba:2:{i:0;s:5:\"_csrf\";i:1;s:32:\"pbNbpnMXrqZa9lLuWCATIbG4Ii5Vu1AJ\";}'
    'venderId' => 'T2aJb2L68_ugsadu_w_e83ce_'
]


$_SERVER = [
	'HTTP_HOST' => 'www.diyshop.com',
	'REQUEST_URI' => '/dress-manage/save.json',
	'HTTP_REFERER' => 'http://www.diyshop.com/dress-manage/show-edit.html',
	'REQUEST_METHOD' => 'POST',
	'HTTP_USER_AGENT' => 'Mozilla/5.0 (Windows NT 6.1; WOW64) AppleWebKit/537.36 (KHTML, like Gecko) Chrome/49.0.2623.87 Safari/537.36',
]
env_vars_end
=================================LOG_END
LOG_START=================================
[time=2016-05-03 11:24:06] [192.168.0.175][-][-][level=error][category=yii\base\ErrorException:2] 
message_start
exception 'yii\base\ErrorException' with message 'Illegal string offset 'value'' in /var/www/diyshop/rebuild/common/model/Dress.php:89
Stack trace:
#0 /var/www/diyshop/rebuild/common/model/Dress.php(89): yii\base\ErrorHandler->handleError(2, 'Illegal string ...', '/var/www/diysho...', 89, Array)
#1 /var/www/diyshop/rebuild/apps/home/controllers/DressManageController.php(128): common\model\Dress->saveTag(Array)
#2 [internal function]: home\controllers\DressManageController->actionSave()
#3 /var/www/diyshop/framework/yiisoft/yii2/base/InlineAction.php(55): call_user_func_array(Array, Array)
#4 /var/www/diyshop/framework/yiisoft/yii2/base/Controller.php(151): yii\base\InlineAction->runWithParams(Array)
#5 /var/www/diyshop/framework/yiisoft/yii2/base/Module.php(455): yii\base\Controller->runAction('save', Array)
#6 /var/www/diyshop/framework/yiisoft/yii2/web/Application.php(84): yii\base\Module->runAction('dress-manage/sa...', Array)
#7 /var/www/diyshop/framework/yiisoft/yii2/base/Application.php(375): yii\web\Application->handleRequest(Object(yii\web\Request))
#8 /var/www/diyshop/rebuild/apps/home/web/index.php(4): yii\base\Application->run()
#9 {main}
message_end

file: /var/www/diyshop/rebuild/umeworld/lib/ErrorHandler.php
line: 25
request_url: http://www.diyshop.com/dress-manage/save.json

trace_start:
    in /var/www/diyshop/rebuild/umeworld/lib/ErrorHandler.php:25
    in /var/www/diyshop/rebuild/common/lib/ErrorHandler.php:25
trace_end

env_vars_start:
$_POST = [
    'id' => ''
    'name' => '测试服饰1'
    'catalogId' => '1'
    'price' => '50'
    'status' => '2'
    'aSizeColorCount' => [
        0 => [
            'size' => 'S'
            'color' => '白'
            'count' => '1'
        ]
        1 => [
            'size' => 'S'
            'color' => '黑'
            'count' => '2'
        ]
        2 => [
            'size' => 'M'
            'color' => '白'
            'count' => '3'
        ]
        3 => [
            'size' => 'M'
            'color' => '黑'
            'count' => '4'
        ]
        4 => [
            'size' => 'L'
            'color' => '白'
            'count' => '5'
        ]
        5 => [
            'size' => 'L'
            'color' => '黑'
            'count' => '6'
        ]
    ]
    'aTag' => [
        0 => '夹克'
        1 => '秋冬'
    ]
    'aPics' => [
        0 => '/static/data/dress/48/7ea7a7c4e8d0a986a34d1bec0b85b88c.jpeg'
        1 => '/static/data/dress/67/863840619527ceecba13b58b9b8a8186.jpeg'
    ]
    '_csrf' => 'eUIyQ3dDY24JIHwhBy0uNgszaCJOLy8bLgFzFz4hJFowKwcVAnIiJA=='
]

$_COOKIE = [
    '_csrf' => '95aef2f2e258d0a33000b0d38c4e521f34a1dd3e56a6e5fef04fc838e7d2884ba:2:{i:0;s:5:\"_csrf\";i:1;s:32:\"pbNbpnMXrqZa9lLuWCATIbG4Ii5Vu1AJ\";}'
    'venderId' => 'T2aJb2L68_ugsadu_w_e83ce_'
]


$_SERVER = [
	'HTTP_HOST' => 'www.diyshop.com',
	'REQUEST_URI' => '/dress-manage/save.json',
	'HTTP_REFERER' => 'http://www.diyshop.com/dress-manage/show-edit.html',
	'REQUEST_METHOD' => 'POST',
	'HTTP_USER_AGENT' => 'Mozilla/5.0 (Windows NT 6.1; WOW64) AppleWebKit/537.36 (KHTML, like Gecko) Chrome/49.0.2623.87 Safari/537.36',
]
env_vars_end
=================================LOG_END
LOG_START=================================
[time=2016-05-03 11:54:31] [192.168.0.175][-][-][level=error][category=yii\base\ErrorException:2] 
message_start
exception 'yii\base\ErrorException' with message 'Missing argument 1 for yii\db\Query::select(), called in /var/www/diyshop/rebuild/common/model/Dress.php on line 96 and defined' in /var/www/diyshop/framework/yiisoft/yii2/db/Query.php:419
Stack trace:
#0 /var/www/diyshop/framework/yiisoft/yii2/db/Query.php(419): yii\base\ErrorHandler->handleError(2, 'Missing argumen...', '/var/www/diysho...', 419, Array)
#1 /var/www/diyshop/rebuild/common/model/Dress.php(96): yii\db\Query->select()
#2 /var/www/diyshop/rebuild/apps/home/controllers/DressManageController.php(45): common\model\Dress::getSizeColorCount('1')
#3 [internal function]: home\controllers\DressManageController->actionShowEdit()
#4 /var/www/diyshop/framework/yiisoft/yii2/base/InlineAction.php(55): call_user_func_array(Array, Array)
#5 /var/www/diyshop/framework/yiisoft/yii2/base/Controller.php(151): yii\base\InlineAction->runWithParams(Array)
#6 /var/www/diyshop/framework/yiisoft/yii2/base/Module.php(455): yii\base\Controller->runAction('show-edit', Array)
#7 /var/www/diyshop/framework/yiisoft/yii2/web/Application.php(84): yii\base\Module->runAction('dress-manage/sh...', Array)
#8 /var/www/diyshop/framework/yiisoft/yii2/base/Application.php(375): yii\web\Application->handleRequest(Object(yii\web\Request))
#9 /var/www/diyshop/rebuild/apps/home/web/index.php(4): yii\base\Application->run()
#10 {main}
message_end

file: /var/www/diyshop/rebuild/umeworld/lib/ErrorHandler.php
line: 25
request_url: http://www.diyshop.com/dress-manage/show-edit.html?id=1

trace_start:
    in /var/www/diyshop/rebuild/umeworld/lib/ErrorHandler.php:25
    in /var/www/diyshop/rebuild/common/lib/ErrorHandler.php:25
trace_end

env_vars_start:
$_GET = [
    'id' => '1'
]

$_COOKIE = [
    '_csrf' => '95aef2f2e258d0a33000b0d38c4e521f34a1dd3e56a6e5fef04fc838e7d2884ba:2:{i:0;s:5:\"_csrf\";i:1;s:32:\"pbNbpnMXrqZa9lLuWCATIbG4Ii5Vu1AJ\";}'
    'venderId' => 'T2aJb2L68_ugsadu_w_e83ce_'
]


$_SERVER = [
	'HTTP_HOST' => 'www.diyshop.com',
	'REQUEST_URI' => '/dress-manage/show-edit.html?id=1',
	'HTTP_REFERER' => 'http://www.diyshop.com/dress-manage/show-list.html',
	'REQUEST_METHOD' => 'GET',
	'HTTP_USER_AGENT' => 'Mozilla/5.0 (Windows NT 6.1; WOW64) AppleWebKit/537.36 (KHTML, like Gecko) Chrome/49.0.2623.87 Safari/537.36',
]
env_vars_end
=================================LOG_END
LOG_START=================================
[time=2016-05-03 11:55:42] [192.168.0.175][-][-][level=error][category=yii\base\UnknownMethodException] 
message_start
exception 'yii\base\UnknownMethodException' with message 'Calling unknown method: umeworld\lib\Connection::getLastSql()' in /var/www/diyshop/framework/yiisoft/yii2/base/Component.php:285
Stack trace:
#0 /var/www/diyshop/rebuild/apps/home/controllers/DressManageController.php(46): yii\base\Component->__call('getLastSql', Array)
#1 /var/www/diyshop/rebuild/apps/home/controllers/DressManageController.php(46): umeworld\lib\Connection->getLastSql(5)
#2 [internal function]: home\controllers\DressManageController->actionShowEdit()
#3 /var/www/diyshop/framework/yiisoft/yii2/base/InlineAction.php(55): call_user_func_array(Array, Array)
#4 /var/www/diyshop/framework/yiisoft/yii2/base/Controller.php(151): yii\base\InlineAction->runWithParams(Array)
#5 /var/www/diyshop/framework/yiisoft/yii2/base/Module.php(455): yii\base\Controller->runAction('show-edit', Array)
#6 /var/www/diyshop/framework/yiisoft/yii2/web/Application.php(84): yii\base\Module->runAction('dress-manage/sh...', Array)
#7 /var/www/diyshop/framework/yiisoft/yii2/base/Application.php(375): yii\web\Application->handleRequest(Object(yii\web\Request))
#8 /var/www/diyshop/rebuild/apps/home/web/index.php(4): yii\base\Application->run()
#9 {main}
message_end

file: /var/www/diyshop/rebuild/umeworld/lib/ErrorHandler.php
line: 25
request_url: http://www.diyshop.com/dress-manage/show-edit.html?id=1

trace_start:
    in /var/www/diyshop/rebuild/umeworld/lib/ErrorHandler.php:25
    in /var/www/diyshop/rebuild/common/lib/ErrorHandler.php:25
trace_end

env_vars_start:
$_GET = [
    'id' => '1'
]

$_COOKIE = [
    '_csrf' => '95aef2f2e258d0a33000b0d38c4e521f34a1dd3e56a6e5fef04fc838e7d2884ba:2:{i:0;s:5:\"_csrf\";i:1;s:32:\"pbNbpnMXrqZa9lLuWCATIbG4Ii5Vu1AJ\";}'
    'venderId' => 'T2aJb2L68_ugsadu_w_e83ce_'
]


$_SERVER = [
	'HTTP_HOST' => 'www.diyshop.com',
	'REQUEST_URI' => '/dress-manage/show-edit.html?id=1',
	'HTTP_REFERER' => 'http://www.diyshop.com/dress-manage/show-list.html',
	'REQUEST_METHOD' => 'GET',
	'HTTP_USER_AGENT' => 'Mozilla/5.0 (Windows NT 6.1; WOW64) AppleWebKit/537.36 (KHTML, like Gecko) Chrome/49.0.2623.87 Safari/537.36',
]
env_vars_end
=================================LOG_END
LOG_START=================================
[time=2016-05-03 11:55:50] [192.168.0.175][-][-][level=error][category=yii\base\UnknownMethodException] 
message_start
exception 'yii\base\UnknownMethodException' with message 'Calling unknown method: umeworld\lib\Connection::getlastSql()' in /var/www/diyshop/framework/yiisoft/yii2/base/Component.php:285
Stack trace:
#0 /var/www/diyshop/rebuild/apps/home/controllers/DressManageController.php(46): yii\base\Component->__call('getlastSql', Array)
#1 /var/www/diyshop/rebuild/apps/home/controllers/DressManageController.php(46): umeworld\lib\Connection->getlastSql(5)
#2 [internal function]: home\controllers\DressManageController->actionShowEdit()
#3 /var/www/diyshop/framework/yiisoft/yii2/base/InlineAction.php(55): call_user_func_array(Array, Array)
#4 /var/www/diyshop/framework/yiisoft/yii2/base/Controller.php(151): yii\base\InlineAction->runWithParams(Array)
#5 /var/www/diyshop/framework/yiisoft/yii2/base/Module.php(455): yii\base\Controller->runAction('show-edit', Array)
#6 /var/www/diyshop/framework/yiisoft/yii2/web/Application.php(84): yii\base\Module->runAction('dress-manage/sh...', Array)
#7 /var/www/diyshop/framework/yiisoft/yii2/base/Application.php(375): yii\web\Application->handleRequest(Object(yii\web\Request))
#8 /var/www/diyshop/rebuild/apps/home/web/index.php(4): yii\base\Application->run()
#9 {main}
message_end

file: /var/www/diyshop/rebuild/umeworld/lib/ErrorHandler.php
line: 25
request_url: http://www.diyshop.com/dress-manage/show-edit.html?id=1

trace_start:
    in /var/www/diyshop/rebuild/umeworld/lib/ErrorHandler.php:25
    in /var/www/diyshop/rebuild/common/lib/ErrorHandler.php:25
trace_end

env_vars_start:
$_GET = [
    'id' => '1'
]

$_COOKIE = [
    '_csrf' => '95aef2f2e258d0a33000b0d38c4e521f34a1dd3e56a6e5fef04fc838e7d2884ba:2:{i:0;s:5:\"_csrf\";i:1;s:32:\"pbNbpnMXrqZa9lLuWCATIbG4Ii5Vu1AJ\";}'
    'venderId' => 'T2aJb2L68_ugsadu_w_e83ce_'
]


$_SERVER = [
	'HTTP_HOST' => 'www.diyshop.com',
	'REQUEST_URI' => '/dress-manage/show-edit.html?id=1',
	'HTTP_REFERER' => 'http://www.diyshop.com/dress-manage/show-list.html',
	'REQUEST_METHOD' => 'GET',
	'HTTP_USER_AGENT' => 'Mozilla/5.0 (Windows NT 6.1; WOW64) AppleWebKit/537.36 (KHTML, like Gecko) Chrome/49.0.2623.87 Safari/537.36',
]
env_vars_end
=================================LOG_END
LOG_START=================================
[time=2016-05-03 13:48:29] [192.168.0.175][-][-][level=error][category=yii\base\ErrorException:1] 
message_start
exception 'yii\base\ErrorException' with message 'Class 'common\model\ArrayHelper' not found' in /var/www/diyshop/rebuild/common/model/Dress.php:26
Stack trace:
#0 [internal function]: yii\base\ErrorHandler->handleFatalError()
#1 {main}
message_end

file: /var/www/diyshop/rebuild/umeworld/lib/ErrorHandler.php
line: 25
request_url: http://www.diyshop.com/dress-manage/show-edit.html?id=1

trace_start:
    in /var/www/diyshop/rebuild/umeworld/lib/ErrorHandler.php:25
    in /var/www/diyshop/rebuild/common/lib/ErrorHandler.php:25
trace_end

env_vars_start:
$_GET = [
    'id' => '1'
]

$_COOKIE = [
    '_csrf' => '95aef2f2e258d0a33000b0d38c4e521f34a1dd3e56a6e5fef04fc838e7d2884ba:2:{i:0;s:5:\"_csrf\";i:1;s:32:\"pbNbpnMXrqZa9lLuWCATIbG4Ii5Vu1AJ\";}'
    'venderId' => 'T2aJb2L68_ugsadu_w_e83ce_'
]


$_SERVER = [
	'HTTP_HOST' => 'www.diyshop.com',
	'REQUEST_URI' => '/dress-manage/show-edit.html?id=1',
	'HTTP_REFERER' => 'http://www.diyshop.com/dress-manage/show-list.html',
	'REQUEST_METHOD' => 'GET',
	'HTTP_USER_AGENT' => 'Mozilla/5.0 (Windows NT 6.1; WOW64) AppleWebKit/537.36 (KHTML, like Gecko) Chrome/49.0.2623.87 Safari/537.36',
]
env_vars_end
=================================LOG_END
LOG_START=================================
[time=2016-05-03 15:50:12] [192.168.0.175][-][-][level=error][category=yii\base\ErrorException:1] 
message_start
exception 'yii\base\ErrorException' with message 'Class 'ModuleNavi' not found' in /var/www/diyshop/rebuild/apps/home/views/guess-like/list.php:6
Stack trace:
#0 [internal function]: yii\base\ErrorHandler->handleFatalError()
#1 {main}
message_end

file: /var/www/diyshop/rebuild/umeworld/lib/ErrorHandler.php
line: 25
request_url: http://www.diyshop.com/guess-like/show-list.html

trace_start:
    in /var/www/diyshop/rebuild/umeworld/lib/ErrorHandler.php:25
    in /var/www/diyshop/rebuild/common/lib/ErrorHandler.php:25
trace_end

env_vars_start:
$_COOKIE = [
    '_csrf' => '95aef2f2e258d0a33000b0d38c4e521f34a1dd3e56a6e5fef04fc838e7d2884ba:2:{i:0;s:5:\"_csrf\";i:1;s:32:\"pbNbpnMXrqZa9lLuWCATIbG4Ii5Vu1AJ\";}'
    'managerId' => 'T2aJb2L68_ugsadu_w_e83ce_'
]


$_SERVER = [
	'HTTP_HOST' => 'www.diyshop.com',
	'REQUEST_URI' => '/guess-like/show-list.html',
	'HTTP_REFERER' => 'http://www.diyshop.com/advertisement/show-manage.html',
	'REQUEST_METHOD' => 'GET',
	'HTTP_USER_AGENT' => 'Mozilla/5.0 (Windows NT 6.1; WOW64) AppleWebKit/537.36 (KHTML, like Gecko) Chrome/49.0.2623.87 Safari/537.36',
]
env_vars_end
=================================LOG_END
LOG_START=================================
[time=2016-05-03 16:55:17] [192.168.0.175][-][-][level=error][category=yii\base\ErrorException:8] 
message_start
exception 'yii\base\ErrorException' with message 'Undefined index: pics' in /var/www/diyshop/rebuild/apps/home/views/guess-like/list.php:36
Stack trace:
#0 /var/www/diyshop/rebuild/apps/home/views/guess-like/list.php(36): yii\base\ErrorHandler->handleError(8, 'Undefined index...', '/var/www/diysho...', 36, Array)
#1 /var/www/diyshop/rebuild/apps/home/widgets/Table.php(42): yii\base\View->{closure}(Array, 0)
#2 /var/www/diyshop/rebuild/apps/home/widgets/views/table/base.php(33): home\widgets\Table->parseColumnItemContent(Array, 0, Array, 'pic')
#3 /var/www/diyshop/framework/yiisoft/yii2/base/View.php(325): require('/var/www/diysho...')
#4 /var/www/diyshop/framework/yiisoft/yii2/base/View.php(247): yii\base\View->renderPhpFile('/var/www/diysho...', Array)
#5 /var/www/diyshop/framework/yiisoft/yii2/base/View.php(149): yii\base\View->renderFile('/var/www/diysho...', Array, Object(home\widgets\Table))
#6 /var/www/diyshop/framework/yiisoft/yii2/base/Widget.php(191): yii\base\View->render('table/base', Array, Object(home\widgets\Table))
#7 /var/www/diyshop/rebuild/apps/home/widgets/Table.php(25): yii\base\Widget->render('table/base', Array)
#8 /var/www/diyshop/framework/yiisoft/yii2/base/Widget.php(98): home\widgets\Table->run()
#9 /var/www/diyshop/rebuild/apps/home/views/guess-like/list.php(48): yii\base\Widget::widget(Array)
#10 /var/www/diyshop/framework/yiisoft/yii2/base/View.php(325): require('/var/www/diysho...')
#11 /var/www/diyshop/framework/yiisoft/yii2/base/View.php(247): yii\base\View->renderPhpFile('/var/www/diysho...', Array)
#12 /var/www/diyshop/framework/yiisoft/yii2/base/View.php(149): yii\base\View->renderFile('/var/www/diysho...', Array, Object(home\controllers\GuessLikeController))
#13 /var/www/diyshop/framework/yiisoft/yii2/base/Controller.php(371): yii\base\View->render('list', Array, Object(home\controllers\GuessLikeController))
#14 /var/www/diyshop/rebuild/apps/home/controllers/GuessLikeController.php(39): yii\base\Controller->render('list', Array)
#15 [internal function]: home\controllers\GuessLikeController->actionShowList()
#16 /var/www/diyshop/framework/yiisoft/yii2/base/InlineAction.php(55): call_user_func_array(Array, Array)
#17 /var/www/diyshop/framework/yiisoft/yii2/base/Controller.php(151): yii\base\InlineAction->runWithParams(Array)
#18 /var/www/diyshop/framework/yiisoft/yii2/base/Module.php(455): yii\base\Controller->runAction('show-list', Array)
#19 /var/www/diyshop/framework/yiisoft/yii2/web/Application.php(84): yii\base\Module->runAction('guess-like/show...', Array)
#20 /var/www/diyshop/framework/yiisoft/yii2/base/Application.php(375): yii\web\Application->handleRequest(Object(yii\web\Request))
#21 /var/www/diyshop/rebuild/apps/home/web/index.php(4): yii\base\Application->run()
#22 {main}
message_end

file: /var/www/diyshop/rebuild/umeworld/lib/ErrorHandler.php
line: 25
request_url: http://www.diyshop.com/guess-like/show-list.html

trace_start:
    in /var/www/diyshop/rebuild/umeworld/lib/ErrorHandler.php:25
    in /var/www/diyshop/rebuild/common/lib/ErrorHandler.php:25
trace_end

env_vars_start:
$_COOKIE = [
    '_csrf' => '95aef2f2e258d0a33000b0d38c4e521f34a1dd3e56a6e5fef04fc838e7d2884ba:2:{i:0;s:5:\"_csrf\";i:1;s:32:\"pbNbpnMXrqZa9lLuWCATIbG4Ii5Vu1AJ\";}'
    'managerId' => 'T2aJb2L68_ugsadu_w_e83ce_'
]


$_SERVER = [
	'HTTP_HOST' => 'www.diyshop.com',
	'REQUEST_URI' => '/guess-like/show-list.html',
	'HTTP_REFERER' => 'http://www.diyshop.com/guess-like/show-setting.html',
	'REQUEST_METHOD' => 'GET',
	'HTTP_USER_AGENT' => 'Mozilla/5.0 (Windows NT 6.1; WOW64) AppleWebKit/537.36 (KHTML, like Gecko) Chrome/49.0.2623.87 Safari/537.36',
]
env_vars_end
=================================LOG_END
LOG_START=================================
[time=2016-05-03 16:55:38] [192.168.0.175][-][-][level=error][category=yii\base\ErrorException:8] 
message_start
exception 'yii\base\ErrorException' with message 'Undefined index: id' in /var/www/diyshop/rebuild/apps/home/views/guess-like/list.php:43
Stack trace:
#0 /var/www/diyshop/rebuild/apps/home/views/guess-like/list.php(43): yii\base\ErrorHandler->handleError(8, 'Undefined index...', '/var/www/diysho...', 43, Array)
#1 /var/www/diyshop/rebuild/apps/home/widgets/Table.php(42): yii\base\View->{closure}(Array, 0)
#2 /var/www/diyshop/rebuild/apps/home/widgets/views/table/base.php(33): home\widgets\Table->parseColumnItemContent(Array, 0, Array, 'operate')
#3 /var/www/diyshop/framework/yiisoft/yii2/base/View.php(325): require('/var/www/diysho...')
#4 /var/www/diyshop/framework/yiisoft/yii2/base/View.php(247): yii\base\View->renderPhpFile('/var/www/diysho...', Array)
#5 /var/www/diyshop/framework/yiisoft/yii2/base/View.php(149): yii\base\View->renderFile('/var/www/diysho...', Array, Object(home\widgets\Table))
#6 /var/www/diyshop/framework/yiisoft/yii2/base/Widget.php(191): yii\base\View->render('table/base', Array, Object(home\widgets\Table))
#7 /var/www/diyshop/rebuild/apps/home/widgets/Table.php(25): yii\base\Widget->render('table/base', Array)
#8 /var/www/diyshop/framework/yiisoft/yii2/base/Widget.php(98): home\widgets\Table->run()
#9 /var/www/diyshop/rebuild/apps/home/views/guess-like/list.php(48): yii\base\Widget::widget(Array)
#10 /var/www/diyshop/framework/yiisoft/yii2/base/View.php(325): require('/var/www/diysho...')
#11 /var/www/diyshop/framework/yiisoft/yii2/base/View.php(247): yii\base\View->renderPhpFile('/var/www/diysho...', Array)
#12 /var/www/diyshop/framework/yiisoft/yii2/base/View.php(149): yii\base\View->renderFile('/var/www/diysho...', Array, Object(home\controllers\GuessLikeController))
#13 /var/www/diyshop/framework/yiisoft/yii2/base/Controller.php(371): yii\base\View->render('list', Array, Object(home\controllers\GuessLikeController))
#14 /var/www/diyshop/rebuild/apps/home/controllers/GuessLikeController.php(39): yii\base\Controller->render('list', Array)
#15 [internal function]: home\controllers\GuessLikeController->actionShowList()
#16 /var/www/diyshop/framework/yiisoft/yii2/base/InlineAction.php(55): call_user_func_array(Array, Array)
#17 /var/www/diyshop/framework/yiisoft/yii2/base/Controller.php(151): yii\base\InlineAction->runWithParams(Array)
#18 /var/www/diyshop/framework/yiisoft/yii2/base/Module.php(455): yii\base\Controller->runAction('show-list', Array)
#19 /var/www/diyshop/framework/yiisoft/yii2/web/Application.php(84): yii\base\Module->runAction('guess-like/show...', Array)
#20 /var/www/diyshop/framework/yiisoft/yii2/base/Application.php(375): yii\web\Application->handleRequest(Object(yii\web\Request))
#21 /var/www/diyshop/rebuild/apps/home/web/index.php(4): yii\base\Application->run()
#22 {main}
message_end

file: /var/www/diyshop/rebuild/umeworld/lib/ErrorHandler.php
line: 25
request_url: http://www.diyshop.com/guess-like/show-list.html

trace_start:
    in /var/www/diyshop/rebuild/umeworld/lib/ErrorHandler.php:25
    in /var/www/diyshop/rebuild/common/lib/ErrorHandler.php:25
trace_end

env_vars_start:
$_COOKIE = [
    '_csrf' => '95aef2f2e258d0a33000b0d38c4e521f34a1dd3e56a6e5fef04fc838e7d2884ba:2:{i:0;s:5:\"_csrf\";i:1;s:32:\"pbNbpnMXrqZa9lLuWCATIbG4Ii5Vu1AJ\";}'
    'managerId' => 'T2aJb2L68_ugsadu_w_e83ce_'
]


$_SERVER = [
	'HTTP_HOST' => 'www.diyshop.com',
	'REQUEST_URI' => '/guess-like/show-list.html',
	'HTTP_REFERER' => 'http://www.diyshop.com/guess-like/show-setting.html',
	'REQUEST_METHOD' => 'GET',
	'HTTP_USER_AGENT' => 'Mozilla/5.0 (Windows NT 6.1; WOW64) AppleWebKit/537.36 (KHTML, like Gecko) Chrome/49.0.2623.87 Safari/537.36',
]
env_vars_end
=================================LOG_END
